SCALE:                          26
edgefactor:                     16
NBFS:                           64
graph_generation:               6.82272
num_mpi_processes:              1024
construction_time:              1.1018
bfs  min_time:                  12.2431
bfs  firstquartile_time:        12.2587
bfs  median_time:               12.2794
bfs  thirdquartile_time:        13.9618
bfs  max_time:                  14.0248
bfs  mean_time:                 12.7298
bfs  stddev_time:               0.761664
min_nedge:                      1073726823
firstquartile_nedge:            1073726823
median_nedge:                   1073726823
thirdquartile_nedge:            1073726823
max_nedge:                      1073726823
mean_nedge:                     1073726823
stddev_nedge:                   0
bfs  min_TEPS:                  7.65592e+07
bfs  firstquartile_TEPS:        7.69048e+07
bfs  median_TEPS:               8.7441e+07
bfs  thirdquartile_TEPS:        8.75891e+07
bfs  max_TEPS:                  8.77008e+07
bfs  harmonic_mean_TEPS:     !  8.43477e+07
bfs  harmonic_stddev_TEPS:      635836
bfs  min_validate:              0.556385
bfs  firstquartile_validate:    0.563131
bfs  median_validate:           0.567176
bfs  thirdquartile_validate:    0.574177
bfs  max_validate:              0.610378
bfs  mean_validate:             0.570286
bfs  stddev_validate:           0.010746
