SCALE:                          24
edgefactor:                     16
NBFS:                           64
graph_generation:               11.6882
num_mpi_processes:              1024
construction_time:              0.907371
bfs  min_time:                  3.08947
bfs  firstquartile_time:        3.52084
bfs  median_time:               3.52752
bfs  thirdquartile_time:        3.53361
bfs  max_time:                  3.97547
bfs  mean_time:                 3.50436
bfs  stddev_time:               0.151006
min_nedge:                      268429687
firstquartile_nedge:            268429687
median_nedge:                   268429687
thirdquartile_nedge:            268429687
max_nedge:                      268429687
mean_nedge:                     268429687
stddev_nedge:                   0
bfs  min_TEPS:                  6.75215e+07
bfs  firstquartile_TEPS:        7.59648e+07
bfs  median_TEPS:               7.60959e+07
bfs  thirdquartile_TEPS:        7.62403e+07
bfs  max_TEPS:                  8.68855e+07
bfs  harmonic_mean_TEPS:     !  7.65987e+07
bfs  harmonic_stddev_TEPS:      415850
bfs  min_validate:              0.155403
bfs  firstquartile_validate:    0.158453
bfs  median_validate:           0.159453
bfs  thirdquartile_validate:    0.162436
bfs  max_validate:              0.168602
bfs  mean_validate:             0.160386
bfs  stddev_validate:           0.00279453
