SCALE:                          23
edgefactor:                     16
NBFS:                           64
graph_generation:               6.23234
num_mpi_processes:              1024
construction_time:              0.87429
bfs  min_time:                  1.34257
bfs  firstquartile_time:        1.56234
bfs  median_time:               1.59751
bfs  thirdquartile_time:        1.66057
bfs  max_time:                  1.84977
bfs  mean_time:                 1.61636
bfs  stddev_time:               0.118028
min_nedge:                      134213828
firstquartile_nedge:            134213828
median_nedge:                   134213828
thirdquartile_nedge:            134213828
max_nedge:                      134213828
mean_nedge:                     134213828
stddev_nedge:                   0
bfs  min_TEPS:                  7.25571e+07
bfs  firstquartile_TEPS:        8.08238e+07
bfs  median_TEPS:               8.40146e+07
bfs  thirdquartile_TEPS:        8.59057e+07
bfs  max_TEPS:                  9.99681e+07
bfs  harmonic_mean_TEPS:     !  8.30347e+07
bfs  harmonic_stddev_TEPS:      763899
bfs  min_validate:              0.097967
bfs  firstquartile_validate:    0.105844
bfs  median_validate:           0.107329
bfs  thirdquartile_validate:    0.10829
bfs  max_validate:              0.11438
bfs  mean_validate:             0.107248
bfs  stddev_validate:           0.00297119
