SCALE:                          26
edgefactor:                     16
NBFS:                           64
graph_generation:               6.81322
num_mpi_processes:              1024
construction_time:              1.12545
bfs  min_time:                  0.924523
bfs  firstquartile_time:        1.08022
bfs  median_time:               1.08734
bfs  thirdquartile_time:        1.09625
bfs  max_time:                  1.13013
bfs  mean_time:                 1.06567
bfs  stddev_time:               0.0585897
min_nedge:                      1073726823
firstquartile_nedge:            1073726823
median_nedge:                   1073726823
thirdquartile_nedge:            1073726823
max_nedge:                      1073726823
mean_nedge:                     1073726823
stddev_nedge:                   0
bfs  min_TEPS:                  9.50096e+08
bfs  firstquartile_TEPS:        9.79458e+08
bfs  median_TEPS:               9.87479e+08
bfs  thirdquartile_TEPS:        9.93987e+08
bfs  max_TEPS:                  1.16138e+09
bfs  harmonic_mean_TEPS:     !  1.00756e+09
bfs  harmonic_stddev_TEPS:      6.97916e+06
bfs  min_validate:              0.564191
bfs  firstquartile_validate:    0.581393
bfs  median_validate:           0.599373
bfs  thirdquartile_validate:    0.602488
bfs  max_validate:              0.611616
bfs  mean_validate:             0.593895
bfs  stddev_validate:           0.0131737
