Round 1: deaths: 0
Round 2: deaths: 0
Round 3: deaths: 0
Round 4: deaths: 0
Round 5: deaths: 1024
Round 1: deaths: 0
Round 2: deaths: 0
Round 3: deaths: 0
Round 4: deaths: 0
Round 5: deaths: 1024
Round 1: deaths: 0
Round 2: deaths: 0
Round 3: deaths: 0
Round 4: deaths: 0
Round 5: deaths: 1024
Round 1: deaths: 0
Round 2: deaths: 0
Round 3: deaths: 0
Round 4: deaths: 3
Round 5: deaths: 1021
Round 1: deaths: 0
Round 2: deaths: 0
Round 3: deaths: 0
Round 4: deaths: 0
Round 5: deaths: 1024
Round 1: deaths: 0
Round 2: deaths: 0
Round 3: deaths: 0
Round 4: deaths: 0
Round 5: deaths: 6
Round 6: deaths: 1018
Round 1: deaths: 0
Round 2: deaths: 0
Round 3: deaths: 0
Round 4: deaths: 0
Round 5: deaths: 1024
Round 1: deaths: 0
Round 2: deaths: 0
Round 3: deaths: 0
Round 4: deaths: 0
Round 5: deaths: 8
Round 6: deaths: 1016
Round 1: deaths: 0
Round 2: deaths: 0
Round 3: deaths: 0
Round 4: deaths: 0
Round 5: deaths: 10
Round 6: deaths: 1014
Round 1: deaths: 0
Round 2: deaths: 0
Round 3: deaths: 0
Round 4: deaths: 0
Round 5: deaths: 3
Round 6: deaths: 1021
Round 1: deaths: 0
Round 2: deaths: 0
Round 3: deaths: 0
Round 4: deaths: 0
Round 5: deaths: 14
Round 6: deaths: 1010
Round 1: deaths: 0
Round 2: deaths: 0
Round 3: deaths: 0
Round 4: deaths: 0
Round 5: deaths: 10
Round 6: deaths: 1014
Round 1: deaths: 0
Round 2: deaths: 0
Round 3: deaths: 0
Round 4: deaths: 0
Round 5: deaths: 9
Round 6: deaths: 1015
Round 1: deaths: 0
Round 2: deaths: 0
Round 3: deaths: 0
Round 4: deaths: 0
Round 5: deaths: 1024
Round 1: deaths: 0
Round 2: deaths: 0
Round 3: deaths: 0
Round 4: deaths: 0
Round 5: deaths: 1
Round 6: deaths: 1023
Round 1: deaths: 0
Round 2: deaths: 0
Round 3: deaths: 0
Round 4: deaths: 0
Round 5: deaths: 14
Round 6: deaths: 1010
Round 1: deaths: 0
Round 2: deaths: 0
Round 3: deaths: 0
Round 4: deaths: 0
Round 5: deaths: 1024
Round 1: deaths: 0
Round 2: deaths: 0
Round 3: deaths: 0
Round 4: deaths: 0
Round 5: deaths: 1024
Round 1: deaths: 0
Round 2: deaths: 0
Round 3: deaths: 0
Round 4: deaths: 0
Round 5: deaths: 1
Round 6: deaths: 1023
Round 1: deaths: 0
Round 2: deaths: 0
Round 3: deaths: 0
Round 4: deaths: 0
Round 5: deaths: 9
Round 6: deaths: 1015
Round 1: deaths: 0
Round 2: deaths: 0
Round 3: deaths: 0
Round 4: deaths: 1
Round 5: deaths: 1023
Round 1: deaths: 0
Round 2: deaths: 0
Round 3: deaths: 0
Round 4: deaths: 0
Round 5: deaths: 1
Round 6: deaths: 1023
Round 1: deaths: 0
Round 2: deaths: 0
Round 3: deaths: 0
Round 4: deaths: 0
Round 5: deaths: 9
Round 6: deaths: 1015
Round 1: deaths: 0
Round 2: deaths: 0
Round 3: deaths: 0
Round 4: deaths: 0
Round 5: deaths: 1024
Round 1: deaths: 0
Round 2: deaths: 0
Round 3: deaths: 0
Round 4: deaths: 0
Round 5: deaths: 1
Round 6: deaths: 1023
Round 1: deaths: 0
Round 2: deaths: 0
Round 3: deaths: 0
Round 4: deaths: 0
Round 5: deaths: 1024
Round 1: deaths: 0
Round 2: deaths: 0
Round 3: deaths: 0
Round 4: deaths: 0
Round 5: deaths: 0
Round 6: deaths: 1024
Round 1: deaths: 0
Round 2: deaths: 0
Round 3: deaths: 0
Round 4: deaths: 0
Round 5: deaths: 1024
Round 1: deaths: 0
Round 2: deaths: 0
Round 3: deaths: 0
Round 4: deaths: 0
Round 5: deaths: 0
Round 6: deaths: 1024
Round 1: deaths: 0
Round 2: deaths: 0
Round 3: deaths: 0
Round 4: deaths: 0
Round 5: deaths: 14
Round 6: deaths: 1010
Round 1: deaths: 0
Round 2: deaths: 0
Round 3: deaths: 0
Round 4: deaths: 0
Round 5: deaths: 1024
Round 1: deaths: 0
Round 2: deaths: 0
Round 3: deaths: 0
Round 4: deaths: 0
Round 5: deaths: 0
Round 6: deaths: 1024
Round 1: deaths: 0
Round 2: deaths: 0
Round 3: deaths: 0
Round 4: deaths: 0
Round 5: deaths: 1024
Round 1: deaths: 0
Round 2: deaths: 0
Round 3: deaths: 0
Round 4: deaths: 0
Round 5: deaths: 1024
Round 1: deaths: 0
Round 2: deaths: 0
Round 3: deaths: 0
Round 4: deaths: 0
Round 5: deaths: 1024
Round 1: deaths: 0
Round 2: deaths: 0
Round 3: deaths: 0
Round 4: deaths: 0
Round 5: deaths: 11
Round 6: deaths: 1013
Round 1: deaths: 0
Round 2: deaths: 0
Round 3: deaths: 0
Round 4: deaths: 0
Round 5: deaths: 1024
Round 1: deaths: 0
Round 2: deaths: 0
Round 3: deaths: 0
Round 4: deaths: 0
Round 5: deaths: 0
Round 6: deaths: 1024
Round 1: deaths: 0
Round 2: deaths: 0
Round 3: deaths: 0
Round 4: deaths: 0
Round 5: deaths: 2
Round 6: deaths: 1022
Round 1: deaths: 0
Round 2: deaths: 0
Round 3: deaths: 0
Round 4: deaths: 0
Round 5: deaths: 1024
Round 1: deaths: 0
Round 2: deaths: 0
Round 3: deaths: 0
Round 4: deaths: 0
Round 5: deaths: 1
Round 6: deaths: 1023
Round 1: deaths: 0
Round 2: deaths: 0
Round 3: deaths: 0
Round 4: deaths: 0
Round 5: deaths: 1024
Round 1: deaths: 0
Round 2: deaths: 0
Round 3: deaths: 0
Round 4: deaths: 0
Round 5: deaths: 0
Round 6: deaths: 1024
Round 1: deaths: 0
Round 2: deaths: 0
Round 3: deaths: 0
Round 4: deaths: 0
Round 5: deaths: 1024
Round 1: deaths: 0
Round 2: deaths: 0
Round 3: deaths: 0
Round 4: deaths: 0
Round 5: deaths: 4
Round 6: deaths: 1020
Round 1: deaths: 0
Round 2: deaths: 0
Round 3: deaths: 0
Round 4: deaths: 0
Round 5: deaths: 1024
Round 1: deaths: 0
Round 2: deaths: 0
Round 3: deaths: 0
Round 4: deaths: 0
Round 5: deaths: 3
Round 6: deaths: 1021
Round 1: deaths: 0
Round 2: deaths: 0
Round 3: deaths: 0
Round 4: deaths: 0
Round 5: deaths: 4
Round 6: deaths: 1020
Round 1: deaths: 0
Round 2: deaths: 0
Round 3: deaths: 0
Round 4: deaths: 0
Round 5: deaths: 1024
Round 1: deaths: 0
Round 2: deaths: 0
Round 3: deaths: 0
Round 4: deaths: 0
Round 5: deaths: 1024
Round 1: deaths: 0
Round 2: deaths: 0
Round 3: deaths: 0
Round 4: deaths: 0
Round 5: deaths: 7
Round 6: deaths: 1017
Round 1: deaths: 0
Round 2: deaths: 0
Round 3: deaths: 0
Round 4: deaths: 0
Round 5: deaths: 0
Round 6: deaths: 1024
Round 1: deaths: 0
Round 2: deaths: 0
Round 3: deaths: 0
Round 4: deaths: 0
Round 5: deaths: 2
Round 6: deaths: 1022
Round 1: deaths: 0
Round 2: deaths: 0
Round 3: deaths: 0
Round 4: deaths: 0
Round 5: deaths: 1024
Round 1: deaths: 0
Round 2: deaths: 0
Round 3: deaths: 0
Round 4: deaths: 0
Round 5: deaths: 2
Round 6: deaths: 1022
Round 1: deaths: 0
Round 2: deaths: 0
Round 3: deaths: 0
Round 4: deaths: 0
Round 5: deaths: 1024
Round 1: deaths: 0
Round 2: deaths: 0
Round 3: deaths: 0
Round 4: deaths: 0
Round 5: deaths: 3
Round 6: deaths: 1021
Round 1: deaths: 0
Round 2: deaths: 0
Round 3: deaths: 0
Round 4: deaths: 0
Round 5: deaths: 8
Round 6: deaths: 1016
Round 1: deaths: 0
Round 2: deaths: 0
Round 3: deaths: 0
Round 4: deaths: 0
Round 5: deaths: 1024
Round 1: deaths: 0
Round 2: deaths: 0
Round 3: deaths: 0
Round 4: deaths: 0
Round 5: deaths: 0
Round 6: deaths: 1024
Round 1: deaths: 0
Round 2: deaths: 0
Round 3: deaths: 0
Round 4: deaths: 0
Round 5: deaths: 3
Round 6: deaths: 1021
Round 1: deaths: 0
Round 2: deaths: 0
Round 3: deaths: 0
Round 4: deaths: 0
Round 5: deaths: 2
Round 6: deaths: 1022
Round 1: deaths: 0
Round 2: deaths: 0
Round 3: deaths: 0
Round 4: deaths: 0
Round 5: deaths: 9
Round 6: deaths: 1015
Round 1: deaths: 0
Round 2: deaths: 0
Round 3: deaths: 0
Round 4: deaths: 0
Round 5: deaths: 7
Round 6: deaths: 1017
Round 1: deaths: 0
Round 2: deaths: 0
Round 3: deaths: 0
Round 4: deaths: 0
Round 5: deaths: 7
Round 6: deaths: 1017
SCALE:                          14
edgefactor:                     16
NBFS:                           64
graph_generation:               0.128946
num_mpi_processes:              1024
construction_time:              0.0212501
bfs  min_time:                  0.0137585
bfs  firstquartile_time:        0.0157388
bfs  median_time:               0.0169493
bfs  thirdquartile_time:        0.0224399
bfs  max_time:                  0.0328886
bfs  mean_time:                 0.0194394
bfs  stddev_time:               0.00557442
min_nedge:                      261818
firstquartile_nedge:            261818
median_nedge:                   261818
thirdquartile_nedge:            261818
max_nedge:                      261818
mean_nedge:                     261818
stddev_nedge:                   0
bfs  min_TEPS:                  7.96076e+06
bfs  firstquartile_TEPS:        1.16675e+07
bfs  median_TEPS:               1.54471e+07
bfs  thirdquartile_TEPS:        1.66352e+07
bfs  max_TEPS:                  1.90296e+07
bfs  harmonic_mean_TEPS:     !  1.34685e+07
bfs  harmonic_stddev_TEPS:      486593
bfs  min_validate:              0.00205388
bfs  firstquartile_validate:    0.0022418
bfs  median_validate:           0.00234239
bfs  thirdquartile_validate:    0.00272481
bfs  max_validate:              0.00906885
bfs  mean_validate:             0.00289691
bfs  stddev_validate:           0.00139948
