Round 1: deaths: 0
Round 2: deaths: 0
Round 3: deaths: 0
Round 4: deaths: 43
Round 5: deaths: 981
Round 1: deaths: 0
Round 2: deaths: 0
Round 3: deaths: 0
Round 4: deaths: 43
Round 5: deaths: 981
Round 1: deaths: 0
Round 2: deaths: 0
Round 3: deaths: 0
Round 4: deaths: 99
Round 5: deaths: 925
Round 1: deaths: 0
Round 2: deaths: 0
Round 3: deaths: 0
Round 4: deaths: 0
Round 5: deaths: 1024
Round 1: deaths: 0
Round 2: deaths: 0
Round 3: deaths: 0
Round 4: deaths: 200
Round 5: deaths: 824
Round 1: deaths: 0
Round 2: deaths: 0
Round 3: deaths: 0
Round 4: deaths: 28
Round 5: deaths: 996
Round 1: deaths: 0
Round 2: deaths: 0
Round 3: deaths: 0
Round 4: deaths: 85
Round 5: deaths: 939
Round 1: deaths: 0
Round 2: deaths: 0
Round 3: deaths: 0
Round 4: deaths: 13
Round 5: deaths: 1011
Round 1: deaths: 0
Round 2: deaths: 0
Round 3: deaths: 0
Round 4: deaths: 60
Round 5: deaths: 964
Round 1: deaths: 0
Round 2: deaths: 0
Round 3: deaths: 0
Round 4: deaths: 17
Round 5: deaths: 1007
Round 1: deaths: 0
Round 2: deaths: 0
Round 3: deaths: 0
Round 4: deaths: 0
Round 5: deaths: 240
Round 6: deaths: 784
Round 1: deaths: 0
Round 2: deaths: 0
Round 3: deaths: 0
Round 4: deaths: 0
Round 5: deaths: 1024
Round 1: deaths: 0
Round 2: deaths: 0
Round 3: deaths: 0
Round 4: deaths: 207
Round 5: deaths: 817
Round 1: deaths: 0
Round 2: deaths: 0
Round 3: deaths: 0
Round 4: deaths: 5
Round 5: deaths: 1019
Round 1: deaths: 0
Round 2: deaths: 0
Round 3: deaths: 0
Round 4: deaths: 1024
Round 1: deaths: 0
Round 2: deaths: 0
Round 3: deaths: 0
Round 4: deaths: 24
Round 5: deaths: 1000
Round 1: deaths: 0
Round 2: deaths: 0
Round 3: deaths: 0
Round 4: deaths: 12
Round 5: deaths: 1012
Round 1: deaths: 0
Round 2: deaths: 0
Round 3: deaths: 0
Round 4: deaths: 181
Round 5: deaths: 843
Round 1: deaths: 0
Round 2: deaths: 0
Round 3: deaths: 0
Round 4: deaths: 13
Round 5: deaths: 1011
Round 1: deaths: 0
Round 2: deaths: 0
Round 3: deaths: 0
Round 4: deaths: 1
Round 5: deaths: 1023
Round 1: deaths: 0
Round 2: deaths: 0
Round 3: deaths: 0
Round 4: deaths: 0
Round 5: deaths: 114
Round 6: deaths: 910
Round 1: deaths: 0
Round 2: deaths: 0
Round 3: deaths: 0
Round 4: deaths: 198
Round 5: deaths: 826
Round 1: deaths: 0
Round 2: deaths: 0
Round 3: deaths: 0
Round 4: deaths: 4
Round 5: deaths: 1020
Round 1: deaths: 0
Round 2: deaths: 0
Round 3: deaths: 0
Round 4: deaths: 0
Round 5: deaths: 1024
Round 1: deaths: 0
Round 2: deaths: 0
Round 3: deaths: 0
Round 4: deaths: 35
Round 5: deaths: 989
Round 1: deaths: 0
Round 2: deaths: 0
Round 3: deaths: 0
Round 4: deaths: 0
Round 5: deaths: 1024
Round 1: deaths: 0
Round 2: deaths: 0
Round 3: deaths: 0
Round 4: deaths: 3
Round 5: deaths: 1021
Round 1: deaths: 0
Round 2: deaths: 0
Round 3: deaths: 0
Round 4: deaths: 50
Round 5: deaths: 974
Round 1: deaths: 0
Round 2: deaths: 0
Round 3: deaths: 0
Round 4: deaths: 5
Round 5: deaths: 1019
Round 1: deaths: 0
Round 2: deaths: 0
Round 3: deaths: 0
Round 4: deaths: 40
Round 5: deaths: 984
Round 1: deaths: 0
Round 2: deaths: 0
Round 3: deaths: 0
Round 4: deaths: 84
Round 5: deaths: 940
Round 1: deaths: 0
Round 2: deaths: 0
Round 3: deaths: 0
Round 4: deaths: 30
Round 5: deaths: 994
Round 1: deaths: 0
Round 2: deaths: 0
Round 3: deaths: 0
Round 4: deaths: 0
Round 5: deaths: 201
Round 6: deaths: 823
Round 1: deaths: 0
Round 2: deaths: 0
Round 3: deaths: 0
Round 4: deaths: 3
Round 5: deaths: 1021
Round 1: deaths: 0
Round 2: deaths: 0
Round 3: deaths: 0
Round 4: deaths: 1
Round 5: deaths: 1023
Round 1: deaths: 0
Round 2: deaths: 0
Round 3: deaths: 0
Round 4: deaths: 8
Round 5: deaths: 1016
Round 1: deaths: 0
Round 2: deaths: 0
Round 3: deaths: 0
Round 4: deaths: 13
Round 5: deaths: 1011
Round 1: deaths: 0
Round 2: deaths: 0
Round 3: deaths: 0
Round 4: deaths: 0
Round 5: deaths: 1024
Round 1: deaths: 0
Round 2: deaths: 0
Round 3: deaths: 0
Round 4: deaths: 66
Round 5: deaths: 958
Round 1: deaths: 0
Round 2: deaths: 0
Round 3: deaths: 0
Round 4: deaths: 16
Round 5: deaths: 1008
Round 1: deaths: 0
Round 2: deaths: 0
Round 3: deaths: 0
Round 4: deaths: 22
Round 5: deaths: 1002
Round 1: deaths: 0
Round 2: deaths: 0
Round 3: deaths: 0
Round 4: deaths: 77
Round 5: deaths: 947
Round 1: deaths: 0
Round 2: deaths: 0
Round 3: deaths: 0
Round 4: deaths: 0
Round 5: deaths: 1024
Round 1: deaths: 0
Round 2: deaths: 0
Round 3: deaths: 0
Round 4: deaths: 22
Round 5: deaths: 1002
Round 1: deaths: 0
Round 2: deaths: 0
Round 3: deaths: 0
Round 4: deaths: 0
Round 5: deaths: 125
Round 6: deaths: 899
Round 1: deaths: 0
Round 2: deaths: 0
Round 3: deaths: 0
Round 4: deaths: 0
Round 5: deaths: 304
Round 6: deaths: 720
Round 1: deaths: 0
Round 2: deaths: 0
Round 3: deaths: 0
Round 4: deaths: 64
Round 5: deaths: 960
Round 1: deaths: 0
Round 2: deaths: 0
Round 3: deaths: 0
Round 4: deaths: 10
Round 5: deaths: 1014
Round 1: deaths: 0
Round 2: deaths: 0
Round 3: deaths: 0
Round 4: deaths: 10
Round 5: deaths: 1014
Round 1: deaths: 0
Round 2: deaths: 0
Round 3: deaths: 0
Round 4: deaths: 16
Round 5: deaths: 1008
Round 1: deaths: 0
Round 2: deaths: 0
Round 3: deaths: 0
Round 4: deaths: 92
Round 5: deaths: 932
Round 1: deaths: 0
Round 2: deaths: 0
Round 3: deaths: 0
Round 4: deaths: 0
Round 5: deaths: 1024
Round 1: deaths: 0
Round 2: deaths: 0
Round 3: deaths: 0
Round 4: deaths: 0
Round 5: deaths: 1024
Round 1: deaths: 0
Round 2: deaths: 0
Round 3: deaths: 0
Round 4: deaths: 48
Round 5: deaths: 976
Round 1: deaths: 0
Round 2: deaths: 0
Round 3: deaths: 0
Round 4: deaths: 3
Round 5: deaths: 1021
Round 1: deaths: 0
Round 2: deaths: 0
Round 3: deaths: 0
Round 4: deaths: 0
Round 5: deaths: 1024
Round 1: deaths: 0
Round 2: deaths: 0
Round 3: deaths: 0
Round 4: deaths: 1024
Round 1: deaths: 0
Round 2: deaths: 0
Round 3: deaths: 0
Round 4: deaths: 1024
Round 1: deaths: 0
Round 2: deaths: 0
Round 3: deaths: 0
Round 4: deaths: 0
Round 5: deaths: 62
Round 6: deaths: 962
Round 1: deaths: 0
Round 2: deaths: 0
Round 3: deaths: 0
Round 4: deaths: 0
Round 5: deaths: 22
Round 6: deaths: 1002
Round 1: deaths: 0
Round 2: deaths: 0
Round 3: deaths: 0
Round 4: deaths: 3
Round 5: deaths: 1021
Round 1: deaths: 0
Round 2: deaths: 0
Round 3: deaths: 0
Round 4: deaths: 2
Round 5: deaths: 1022
Round 1: deaths: 0
Round 2: deaths: 0
Round 3: deaths: 0
Round 4: deaths: 0
Round 5: deaths: 1024
Round 1: deaths: 0
Round 2: deaths: 0
Round 3: deaths: 0
Round 4: deaths: 0
Round 5: deaths: 1024
Round 1: deaths: 0
Round 2: deaths: 0
Round 3: deaths: 0
Round 4: deaths: 4
Round 5: deaths: 1020
SCALE:                          12
edgefactor:                     16
NBFS:                           64
graph_generation:               5.19398
num_mpi_processes:              1024
construction_time:              0.00842804
bfs  min_time:                  0.0101183
bfs  firstquartile_time:        0.0156347
bfs  median_time:               0.0203267
bfs  thirdquartile_time:        0.0225186
bfs  max_time:                  0.0271849
bfs  mean_time:                 0.019464
bfs  stddev_time:               0.00441536
min_nedge:                      65327
firstquartile_nedge:            65327
median_nedge:                   65327
thirdquartile_nedge:            65327
max_nedge:                      65327
mean_nedge:                     65327
stddev_nedge:                   0
bfs  min_TEPS:                  2.40306e+06
bfs  firstquartile_TEPS:        2.90102e+06
bfs  median_TEPS:               3.21385e+06
bfs  thirdquartile_TEPS:        4.17833e+06
bfs  max_TEPS:                  6.45634e+06
bfs  harmonic_mean_TEPS:     !  3.3563e+06
bfs  harmonic_stddev_TEPS:      95923.1
bfs  min_validate:              0.0014144
bfs  firstquartile_validate:    0.00153894
bfs  median_validate:           0.00171195
bfs  thirdquartile_validate:    0.00209592
bfs  max_validate:              0.00519586
bfs  mean_validate:             0.00199117
bfs  stddev_validate:           0.000678321
