Round 1: deaths: 0
Round 2: deaths: 0
Round 3: deaths: 0
Round 4: deaths: 0
Round 5: deaths: 0
Round 6: deaths: 0
Round 7: deaths: 1024
Round 1: deaths: 0
Round 2: deaths: 0
Round 3: deaths: 0
Round 4: deaths: 0
Round 5: deaths: 0
Round 6: deaths: 0
Round 7: deaths: 1024
Round 1: deaths: 0
Round 2: deaths: 0
Round 3: deaths: 0
Round 4: deaths: 0
Round 5: deaths: 0
Round 6: deaths: 0
Round 7: deaths: 0
Round 8: deaths: 1024
Round 1: deaths: 0
Round 2: deaths: 0
Round 3: deaths: 0
Round 4: deaths: 0
Round 5: deaths: 0
Round 6: deaths: 0
Round 7: deaths: 1024
Round 1: deaths: 0
Round 2: deaths: 0
Round 3: deaths: 0
Round 4: deaths: 0
Round 5: deaths: 0
Round 6: deaths: 0
Round 7: deaths: 0
Round 8: deaths: 1024
Round 1: deaths: 0
Round 2: deaths: 0
Round 3: deaths: 0
Round 4: deaths: 0
Round 5: deaths: 0
Round 6: deaths: 0
Round 7: deaths: 1024
Round 1: deaths: 0
Round 2: deaths: 0
Round 3: deaths: 0
Round 4: deaths: 0
Round 5: deaths: 0
Round 6: deaths: 1024
Round 1: deaths: 0
Round 2: deaths: 0
Round 3: deaths: 0
Round 4: deaths: 0
Round 5: deaths: 0
Round 6: deaths: 0
Round 7: deaths: 1024
Round 1: deaths: 0
Round 2: deaths: 0
Round 3: deaths: 0
Round 4: deaths: 0
Round 5: deaths: 0
Round 6: deaths: 0
Round 7: deaths: 1024
Round 1: deaths: 0
Round 2: deaths: 0
Round 3: deaths: 0
Round 4: deaths: 0
Round 5: deaths: 0
Round 6: deaths: 0
Round 7: deaths: 1024
Round 1: deaths: 0
Round 2: deaths: 0
Round 3: deaths: 0
Round 4: deaths: 0
Round 5: deaths: 0
Round 6: deaths: 0
Round 7: deaths: 0
Round 8: deaths: 1024
Round 1: deaths: 0
Round 2: deaths: 0
Round 3: deaths: 0
Round 4: deaths: 0
Round 5: deaths: 0
Round 6: deaths: 0
Round 7: deaths: 1024
Round 1: deaths: 0
Round 2: deaths: 0
Round 3: deaths: 0
Round 4: deaths: 0
Round 5: deaths: 0
Round 6: deaths: 0
Round 7: deaths: 1024
Round 1: deaths: 0
Round 2: deaths: 0
Round 3: deaths: 0
Round 4: deaths: 0
Round 5: deaths: 0
Round 6: deaths: 0
Round 7: deaths: 1024
Round 1: deaths: 0
Round 2: deaths: 0
Round 3: deaths: 0
Round 4: deaths: 0
Round 5: deaths: 0
Round 6: deaths: 0
Round 7: deaths: 1024
Round 1: deaths: 0
Round 2: deaths: 0
Round 3: deaths: 0
Round 4: deaths: 0
Round 5: deaths: 0
Round 6: deaths: 0
Round 7: deaths: 1024
Round 1: deaths: 0
Round 2: deaths: 0
Round 3: deaths: 0
Round 4: deaths: 0
Round 5: deaths: 0
Round 6: deaths: 0
Round 7: deaths: 0
Round 8: deaths: 1024
Round 1: deaths: 0
Round 2: deaths: 0
Round 3: deaths: 0
Round 4: deaths: 0
Round 5: deaths: 0
Round 6: deaths: 0
Round 7: deaths: 1024
Round 1: deaths: 0
Round 2: deaths: 0
Round 3: deaths: 0
Round 4: deaths: 0
Round 5: deaths: 0
Round 6: deaths: 0
Round 7: deaths: 1024
Round 1: deaths: 0
Round 2: deaths: 0
Round 3: deaths: 0
Round 4: deaths: 0
Round 5: deaths: 0
Round 6: deaths: 0
Round 7: deaths: 1024
Round 1: deaths: 0
Round 2: deaths: 0
Round 3: deaths: 0
Round 4: deaths: 0
Round 5: deaths: 0
Round 6: deaths: 0
Round 7: deaths: 0
Round 8: deaths: 1024
Round 1: deaths: 0
Round 2: deaths: 0
Round 3: deaths: 0
Round 4: deaths: 0
Round 5: deaths: 0
Round 6: deaths: 0
Round 7: deaths: 1024
Round 1: deaths: 0
Round 2: deaths: 0
Round 3: deaths: 0
Round 4: deaths: 0
Round 5: deaths: 0
Round 6: deaths: 0
Round 7: deaths: 0
Round 8: deaths: 1024
Round 1: deaths: 0
Round 2: deaths: 0
Round 3: deaths: 0
Round 4: deaths: 0
Round 5: deaths: 0
Round 6: deaths: 0
Round 7: deaths: 1024
Round 1: deaths: 0
Round 2: deaths: 0
Round 3: deaths: 0
Round 4: deaths: 0
Round 5: deaths: 0
Round 6: deaths: 0
Round 7: deaths: 1024
Round 1: deaths: 0
Round 2: deaths: 0
Round 3: deaths: 0
Round 4: deaths: 0
Round 5: deaths: 0
Round 6: deaths: 0
Round 7: deaths: 1024
Round 1: deaths: 0
Round 2: deaths: 0
Round 3: deaths: 0
Round 4: deaths: 0
Round 5: deaths: 0
Round 6: deaths: 0
Round 7: deaths: 1024
Round 1: deaths: 0
Round 2: deaths: 0
Round 3: deaths: 0
Round 4: deaths: 0
Round 5: deaths: 0
Round 6: deaths: 0
Round 7: deaths: 1024
Round 1: deaths: 0
Round 2: deaths: 0
Round 3: deaths: 0
Round 4: deaths: 0
Round 5: deaths: 0
Round 6: deaths: 1024
Round 1: deaths: 0
Round 2: deaths: 0
Round 3: deaths: 0
Round 4: deaths: 0
Round 5: deaths: 0
Round 6: deaths: 0
Round 7: deaths: 0
Round 8: deaths: 1024
Round 1: deaths: 0
Round 2: deaths: 0
Round 3: deaths: 0
Round 4: deaths: 0
Round 5: deaths: 0
Round 6: deaths: 0
Round 7: deaths: 1024
Round 1: deaths: 0
Round 2: deaths: 0
Round 3: deaths: 0
Round 4: deaths: 0
Round 5: deaths: 0
Round 6: deaths: 1024
Round 1: deaths: 0
Round 2: deaths: 0
Round 3: deaths: 0
Round 4: deaths: 0
Round 5: deaths: 0
Round 6: deaths: 0
Round 7: deaths: 1024
Round 1: deaths: 0
Round 2: deaths: 0
Round 3: deaths: 0
Round 4: deaths: 0
Round 5: deaths: 0
Round 6: deaths: 0
Round 7: deaths: 1024
Round 1: deaths: 0
Round 2: deaths: 0
Round 3: deaths: 0
Round 4: deaths: 0
Round 5: deaths: 0
Round 6: deaths: 0
Round 7: deaths: 1024
Round 1: deaths: 0
Round 2: deaths: 0
Round 3: deaths: 0
Round 4: deaths: 0
Round 5: deaths: 0
Round 6: deaths: 1024
Round 1: deaths: 0
Round 2: deaths: 0
Round 3: deaths: 0
Round 4: deaths: 0
Round 5: deaths: 0
Round 6: deaths: 0
Round 7: deaths: 1024
Round 1: deaths: 0
Round 2: deaths: 0
Round 3: deaths: 0
Round 4: deaths: 0
Round 5: deaths: 0
Round 6: deaths: 0
Round 7: deaths: 0
Round 8: deaths: 1024
Round 1: deaths: 0
Round 2: deaths: 0
Round 3: deaths: 0
Round 4: deaths: 0
Round 5: deaths: 0
Round 6: deaths: 0
Round 7: deaths: 1024
Round 1: deaths: 0
Round 2: deaths: 0
Round 3: deaths: 0
Round 4: deaths: 0
Round 5: deaths: 0
Round 6: deaths: 0
Round 7: deaths: 1024
Round 1: deaths: 0
Round 2: deaths: 0
Round 3: deaths: 0
Round 4: deaths: 0
Round 5: deaths: 0
Round 6: deaths: 0
Round 7: deaths: 0
Round 8: deaths: 1024
Round 1: deaths: 0
Round 2: deaths: 0
Round 3: deaths: 0
Round 4: deaths: 0
Round 5: deaths: 0
Round 6: deaths: 0
Round 7: deaths: 1024
Round 1: deaths: 0
Round 2: deaths: 0
Round 3: deaths: 0
Round 4: deaths: 0
Round 5: deaths: 0
Round 6: deaths: 0
Round 7: deaths: 1024
Round 1: deaths: 0
Round 2: deaths: 0
Round 3: deaths: 0
Round 4: deaths: 0
Round 5: deaths: 0
Round 6: deaths: 0
Round 7: deaths: 1024
Round 1: deaths: 0
Round 2: deaths: 0
Round 3: deaths: 0
Round 4: deaths: 0
Round 5: deaths: 0
Round 6: deaths: 0
Round 7: deaths: 1024
Round 1: deaths: 0
Round 2: deaths: 0
Round 3: deaths: 0
Round 4: deaths: 0
Round 5: deaths: 0
Round 6: deaths: 1024
Round 1: deaths: 0
Round 2: deaths: 0
Round 3: deaths: 0
Round 4: deaths: 0
Round 5: deaths: 0
Round 6: deaths: 0
Round 7: deaths: 1024
Round 1: deaths: 0
Round 2: deaths: 0
Round 3: deaths: 0
Round 4: deaths: 0
Round 5: deaths: 0
Round 6: deaths: 0
Round 7: deaths: 0
Round 8: deaths: 1024
Round 1: deaths: 0
Round 2: deaths: 0
Round 3: deaths: 0
Round 4: deaths: 0
Round 5: deaths: 0
Round 6: deaths: 0
Round 7: deaths: 0
Round 8: deaths: 1024
Round 1: deaths: 0
Round 2: deaths: 0
Round 3: deaths: 0
Round 4: deaths: 0
Round 5: deaths: 0
Round 6: deaths: 0
Round 7: deaths: 1024
Round 1: deaths: 0
Round 2: deaths: 0
Round 3: deaths: 0
Round 4: deaths: 0
Round 5: deaths: 0
Round 6: deaths: 0
Round 7: deaths: 1024
Round 1: deaths: 0
Round 2: deaths: 0
Round 3: deaths: 0
Round 4: deaths: 0
Round 5: deaths: 0
Round 6: deaths: 0
Round 7: deaths: 1024
Round 1: deaths: 0
Round 2: deaths: 0
Round 3: deaths: 0
Round 4: deaths: 0
Round 5: deaths: 0
Round 6: deaths: 0
Round 7: deaths: 1024
Round 1: deaths: 0
Round 2: deaths: 0
Round 3: deaths: 0
Round 4: deaths: 0
Round 5: deaths: 0
Round 6: deaths: 0
Round 7: deaths: 1024
Round 1: deaths: 0
Round 2: deaths: 0
Round 3: deaths: 0
Round 4: deaths: 0
Round 5: deaths: 0
Round 6: deaths: 0
Round 7: deaths: 1024
Round 1: deaths: 0
Round 2: deaths: 0
Round 3: deaths: 0
Round 4: deaths: 0
Round 5: deaths: 0
Round 6: deaths: 0
Round 7: deaths: 1024
Round 1: deaths: 0
Round 2: deaths: 0
Round 3: deaths: 0
Round 4: deaths: 0
Round 5: deaths: 0
Round 6: deaths: 0
Round 7: deaths: 1024
Round 1: deaths: 0
Round 2: deaths: 0
Round 3: deaths: 0
Round 4: deaths: 0
Round 5: deaths: 0
Round 6: deaths: 0
Round 7: deaths: 1024
Round 1: deaths: 0
Round 2: deaths: 0
Round 3: deaths: 0
Round 4: deaths: 0
Round 5: deaths: 0
Round 6: deaths: 0
Round 7: deaths: 1024
Round 1: deaths: 0
Round 2: deaths: 0
Round 3: deaths: 0
Round 4: deaths: 0
Round 5: deaths: 0
Round 6: deaths: 0
Round 7: deaths: 1024
Round 1: deaths: 0
Round 2: deaths: 0
Round 3: deaths: 0
Round 4: deaths: 0
Round 5: deaths: 0
Round 6: deaths: 0
Round 7: deaths: 1024
Round 1: deaths: 0
Round 2: deaths: 0
Round 3: deaths: 0
Round 4: deaths: 0
Round 5: deaths: 0
Round 6: deaths: 0
Round 7: deaths: 1024
Round 1: deaths: 0
Round 2: deaths: 0
Round 3: deaths: 0
Round 4: deaths: 0
Round 5: deaths: 0
Round 6: deaths: 0
Round 7: deaths: 1024
Round 1: deaths: 0
Round 2: deaths: 0
Round 3: deaths: 0
Round 4: deaths: 0
Round 5: deaths: 0
Round 6: deaths: 1024
Round 1: deaths: 0
Round 2: deaths: 0
Round 3: deaths: 0
Round 4: deaths: 0
Round 5: deaths: 0
Round 6: deaths: 0
Round 7: deaths: 1024
SCALE:                          23
edgefactor:                     16
NBFS:                           64
graph_generation:               11.482
num_mpi_processes:              1024
construction_time:              0.778893
bfs  min_time:                  2.05701
bfs  firstquartile_time:        2.40958
bfs  median_time:               2.4426
bfs  thirdquartile_time:        2.47243
bfs  max_time:                  2.8379
bfs  mean_time:                 2.46646
bfs  stddev_time:               0.18451
min_nedge:                      134213828
firstquartile_nedge:            134213828
median_nedge:                   134213828
thirdquartile_nedge:            134213828
max_nedge:                      134213828
mean_nedge:                     134213828
stddev_nedge:                   0
bfs  min_TEPS:                  4.72933e+07
bfs  firstquartile_TEPS:        5.42841e+07
bfs  median_TEPS:               5.4947e+07
bfs  thirdquartile_TEPS:        5.57002e+07
bfs  max_TEPS:                  6.52471e+07
bfs  harmonic_mean_TEPS:     !  5.44157e+07
bfs  harmonic_stddev_TEPS:      512862
bfs  min_validate:              0.0925876
bfs  firstquartile_validate:    0.0955817
bfs  median_validate:           0.0973164
bfs  thirdquartile_validate:    0.100187
bfs  max_validate:              0.109721
bfs  mean_validate:             0.0981008
bfs  stddev_validate:           0.00345768
