Round 1: deaths: 0
Round 2: deaths: 0
Round 3: deaths: 0
Round 4: deaths: 0
Round 5: deaths: 0
Round 6: deaths: 1024
Round 1: deaths: 0
Round 2: deaths: 0
Round 3: deaths: 0
Round 4: deaths: 0
Round 5: deaths: 0
Round 6: deaths: 1024
Round 1: deaths: 0
Round 2: deaths: 0
Round 3: deaths: 0
Round 4: deaths: 0
Round 5: deaths: 0
Round 6: deaths: 1024
Round 1: deaths: 0
Round 2: deaths: 0
Round 3: deaths: 0
Round 4: deaths: 0
Round 5: deaths: 0
Round 6: deaths: 1024
Round 1: deaths: 0
Round 2: deaths: 0
Round 3: deaths: 0
Round 4: deaths: 0
Round 5: deaths: 0
Round 6: deaths: 1024
Round 1: deaths: 0
Round 2: deaths: 0
Round 3: deaths: 0
Round 4: deaths: 0
Round 5: deaths: 0
Round 6: deaths: 1024
Round 1: deaths: 0
Round 2: deaths: 0
Round 3: deaths: 0
Round 4: deaths: 0
Round 5: deaths: 0
Round 6: deaths: 1024
Round 1: deaths: 0
Round 2: deaths: 0
Round 3: deaths: 0
Round 4: deaths: 0
Round 5: deaths: 1024
Round 1: deaths: 0
Round 2: deaths: 0
Round 3: deaths: 0
Round 4: deaths: 0
Round 5: deaths: 0
Round 6: deaths: 1024
Round 1: deaths: 0
Round 2: deaths: 0
Round 3: deaths: 0
Round 4: deaths: 0
Round 5: deaths: 0
Round 6: deaths: 1024
Round 1: deaths: 0
Round 2: deaths: 0
Round 3: deaths: 0
Round 4: deaths: 0
Round 5: deaths: 0
Round 6: deaths: 1024
Round 1: deaths: 0
Round 2: deaths: 0
Round 3: deaths: 0
Round 4: deaths: 0
Round 5: deaths: 0
Round 6: deaths: 0
Round 7: deaths: 1024
Round 1: deaths: 0
Round 2: deaths: 0
Round 3: deaths: 0
Round 4: deaths: 0
Round 5: deaths: 0
Round 6: deaths: 1024
Round 1: deaths: 0
Round 2: deaths: 0
Round 3: deaths: 0
Round 4: deaths: 0
Round 5: deaths: 1024
Round 1: deaths: 0
Round 2: deaths: 0
Round 3: deaths: 0
Round 4: deaths: 0
Round 5: deaths: 0
Round 6: deaths: 1024
Round 1: deaths: 0
Round 2: deaths: 0
Round 3: deaths: 0
Round 4: deaths: 0
Round 5: deaths: 0
Round 6: deaths: 1024
Round 1: deaths: 0
Round 2: deaths: 0
Round 3: deaths: 0
Round 4: deaths: 0
Round 5: deaths: 0
Round 6: deaths: 1024
Round 1: deaths: 0
Round 2: deaths: 0
Round 3: deaths: 0
Round 4: deaths: 0
Round 5: deaths: 0
Round 6: deaths: 1024
Round 1: deaths: 0
Round 2: deaths: 0
Round 3: deaths: 0
Round 4: deaths: 0
Round 5: deaths: 0
Round 6: deaths: 1024
Round 1: deaths: 0
Round 2: deaths: 0
Round 3: deaths: 0
Round 4: deaths: 0
Round 5: deaths: 0
Round 6: deaths: 1024
Round 1: deaths: 0
Round 2: deaths: 0
Round 3: deaths: 0
Round 4: deaths: 0
Round 5: deaths: 0
Round 6: deaths: 1024
Round 1: deaths: 0
Round 2: deaths: 0
Round 3: deaths: 0
Round 4: deaths: 0
Round 5: deaths: 0
Round 6: deaths: 1024
Round 1: deaths: 0
Round 2: deaths: 0
Round 3: deaths: 0
Round 4: deaths: 0
Round 5: deaths: 0
Round 6: deaths: 1024
Round 1: deaths: 0
Round 2: deaths: 0
Round 3: deaths: 0
Round 4: deaths: 0
Round 5: deaths: 1024
Round 1: deaths: 0
Round 2: deaths: 0
Round 3: deaths: 0
Round 4: deaths: 0
Round 5: deaths: 0
Round 6: deaths: 1024
Round 1: deaths: 0
Round 2: deaths: 0
Round 3: deaths: 0
Round 4: deaths: 0
Round 5: deaths: 0
Round 6: deaths: 1024
Round 1: deaths: 0
Round 2: deaths: 0
Round 3: deaths: 0
Round 4: deaths: 0
Round 5: deaths: 0
Round 6: deaths: 1024
Round 1: deaths: 0
Round 2: deaths: 0
Round 3: deaths: 0
Round 4: deaths: 0
Round 5: deaths: 0
Round 6: deaths: 1024
Round 1: deaths: 0
Round 2: deaths: 0
Round 3: deaths: 0
Round 4: deaths: 0
Round 5: deaths: 0
Round 6: deaths: 1024
Round 1: deaths: 0
Round 2: deaths: 0
Round 3: deaths: 0
Round 4: deaths: 0
Round 5: deaths: 0
Round 6: deaths: 1024
Round 1: deaths: 0
Round 2: deaths: 0
Round 3: deaths: 0
Round 4: deaths: 0
Round 5: deaths: 0
Round 6: deaths: 1024
Round 1: deaths: 0
Round 2: deaths: 0
Round 3: deaths: 0
Round 4: deaths: 0
Round 5: deaths: 0
Round 6: deaths: 0
Round 7: deaths: 1024
Round 1: deaths: 0
Round 2: deaths: 0
Round 3: deaths: 0
Round 4: deaths: 0
Round 5: deaths: 0
Round 6: deaths: 1024
Round 1: deaths: 0
Round 2: deaths: 0
Round 3: deaths: 0
Round 4: deaths: 0
Round 5: deaths: 0
Round 6: deaths: 1024
Round 1: deaths: 0
Round 2: deaths: 0
Round 3: deaths: 0
Round 4: deaths: 0
Round 5: deaths: 0
Round 6: deaths: 1024
Round 1: deaths: 0
Round 2: deaths: 0
Round 3: deaths: 0
Round 4: deaths: 0
Round 5: deaths: 0
Round 6: deaths: 1024
Round 1: deaths: 0
Round 2: deaths: 0
Round 3: deaths: 0
Round 4: deaths: 0
Round 5: deaths: 0
Round 6: deaths: 1024
Round 1: deaths: 0
Round 2: deaths: 0
Round 3: deaths: 0
Round 4: deaths: 0
Round 5: deaths: 0
Round 6: deaths: 1024
Round 1: deaths: 0
Round 2: deaths: 0
Round 3: deaths: 0
Round 4: deaths: 0
Round 5: deaths: 0
Round 6: deaths: 1024
Round 1: deaths: 0
Round 2: deaths: 0
Round 3: deaths: 0
Round 4: deaths: 0
Round 5: deaths: 1024
Round 1: deaths: 0
Round 2: deaths: 0
Round 3: deaths: 0
Round 4: deaths: 0
Round 5: deaths: 0
Round 6: deaths: 1024
Round 1: deaths: 0
Round 2: deaths: 0
Round 3: deaths: 0
Round 4: deaths: 0
Round 5: deaths: 0
Round 6: deaths: 1024
Round 1: deaths: 0
Round 2: deaths: 0
Round 3: deaths: 0
Round 4: deaths: 0
Round 5: deaths: 0
Round 6: deaths: 1024
Round 1: deaths: 0
Round 2: deaths: 0
Round 3: deaths: 0
Round 4: deaths: 0
Round 5: deaths: 0
Round 6: deaths: 1024
Round 1: deaths: 0
Round 2: deaths: 0
Round 3: deaths: 0
Round 4: deaths: 0
Round 5: deaths: 0
Round 6: deaths: 1024
Round 1: deaths: 0
Round 2: deaths: 0
Round 3: deaths: 0
Round 4: deaths: 0
Round 5: deaths: 0
Round 6: deaths: 1024
Round 1: deaths: 0
Round 2: deaths: 0
Round 3: deaths: 0
Round 4: deaths: 0
Round 5: deaths: 0
Round 6: deaths: 1024
Round 1: deaths: 0
Round 2: deaths: 0
Round 3: deaths: 0
Round 4: deaths: 0
Round 5: deaths: 0
Round 6: deaths: 1024
Round 1: deaths: 0
Round 2: deaths: 0
Round 3: deaths: 0
Round 4: deaths: 0
Round 5: deaths: 0
Round 6: deaths: 1024
Round 1: deaths: 0
Round 2: deaths: 0
Round 3: deaths: 0
Round 4: deaths: 0
Round 5: deaths: 0
Round 6: deaths: 1024
Round 1: deaths: 0
Round 2: deaths: 0
Round 3: deaths: 0
Round 4: deaths: 0
Round 5: deaths: 0
Round 6: deaths: 1024
Round 1: deaths: 0
Round 2: deaths: 0
Round 3: deaths: 0
Round 4: deaths: 0
Round 5: deaths: 0
Round 6: deaths: 1024
Round 1: deaths: 0
Round 2: deaths: 0
Round 3: deaths: 0
Round 4: deaths: 0
Round 5: deaths: 0
Round 6: deaths: 1024
Round 1: deaths: 0
Round 2: deaths: 0
Round 3: deaths: 0
Round 4: deaths: 0
Round 5: deaths: 0
Round 6: deaths: 1024
Round 1: deaths: 0
Round 2: deaths: 0
Round 3: deaths: 0
Round 4: deaths: 0
Round 5: deaths: 0
Round 6: deaths: 1024
Round 1: deaths: 0
Round 2: deaths: 0
Round 3: deaths: 0
Round 4: deaths: 0
Round 5: deaths: 1024
Round 1: deaths: 0
Round 2: deaths: 0
Round 3: deaths: 0
Round 4: deaths: 0
Round 5: deaths: 0
Round 6: deaths: 1024
Round 1: deaths: 0
Round 2: deaths: 0
Round 3: deaths: 0
Round 4: deaths: 0
Round 5: deaths: 0
Round 6: deaths: 1024
Round 1: deaths: 0
Round 2: deaths: 0
Round 3: deaths: 0
Round 4: deaths: 0
Round 5: deaths: 0
Round 6: deaths: 1024
Round 1: deaths: 0
Round 2: deaths: 0
Round 3: deaths: 0
Round 4: deaths: 0
Round 5: deaths: 0
Round 6: deaths: 1024
Round 1: deaths: 0
Round 2: deaths: 0
Round 3: deaths: 0
Round 4: deaths: 0
Round 5: deaths: 1024
Round 1: deaths: 0
Round 2: deaths: 0
Round 3: deaths: 0
Round 4: deaths: 0
Round 5: deaths: 0
Round 6: deaths: 1024
Round 1: deaths: 0
Round 2: deaths: 0
Round 3: deaths: 0
Round 4: deaths: 0
Round 5: deaths: 0
Round 6: deaths: 1024
Round 1: deaths: 0
Round 2: deaths: 0
Round 3: deaths: 0
Round 4: deaths: 0
Round 5: deaths: 0
Round 6: deaths: 1024
Round 1: deaths: 0
Round 2: deaths: 0
Round 3: deaths: 0
Round 4: deaths: 0
Round 5: deaths: 0
Round 6: deaths: 1024
SCALE:                          16
edgefactor:                     16
NBFS:                           64
graph_generation:               0.561843
num_mpi_processes:              1024
construction_time:              0.0749257
bfs  min_time:                  0.0200791
bfs  firstquartile_time:        0.0241499
bfs  median_time:               0.02582
bfs  thirdquartile_time:        0.0319555
bfs  max_time:                  0.0409391
bfs  mean_time:                 0.0284609
bfs  stddev_time:               0.0060296
min_nedge:                      1048079
firstquartile_nedge:            1048079
median_nedge:                   1048079
thirdquartile_nedge:            1048079
max_nedge:                      1048079
mean_nedge:                     1048079
stddev_nedge:                   0
bfs  min_TEPS:                  2.56009e+07
bfs  firstquartile_TEPS:        3.27981e+07
bfs  median_TEPS:               4.05917e+07
bfs  thirdquartile_TEPS:        4.33989e+07
bfs  max_TEPS:                  5.21975e+07
bfs  harmonic_mean_TEPS:     !  3.68253e+07
bfs  harmonic_stddev_TEPS:      982915
bfs  min_validate:              0.00340271
bfs  firstquartile_validate:    0.00357218
bfs  median_validate:           0.00369093
bfs  thirdquartile_validate:    0.0043364
bfs  max_validate:              0.00664727
bfs  mean_validate:             0.00407743
bfs  stddev_validate:           0.000835886
