Round 1: deaths: 0
Round 2: deaths: 1
Round 3: deaths: 8
Round 4: deaths: 500
Round 5: deaths: 515
Round 1: deaths: 0
Round 2: deaths: 1
Round 3: deaths: 8
Round 4: deaths: 500
Round 5: deaths: 515
Round 1: deaths: 0
Round 2: deaths: 1
Round 3: deaths: 1
Round 4: deaths: 463
Round 5: deaths: 559
Round 1: deaths: 0
Round 2: deaths: 1
Round 3: deaths: 21
Round 4: deaths: 660
Round 5: deaths: 342
Round 1: deaths: 0
Round 2: deaths: 1
Round 3: deaths: 13
Round 4: deaths: 1010
Round 1: deaths: 0
Round 2: deaths: 1
Round 3: deaths: 1
Round 4: deaths: 125
Round 5: deaths: 897
Round 1: deaths: 0
Round 2: deaths: 1
Round 3: deaths: 23
Round 4: deaths: 656
Round 5: deaths: 344
Round 1: deaths: 0
Round 2: deaths: 1
Round 3: deaths: 18
Round 4: deaths: 636
Round 5: deaths: 369
Round 1: deaths: 0
Round 2: deaths: 1
Round 3: deaths: 1
Round 4: deaths: 463
Round 5: deaths: 559
Round 1: deaths: 0
Round 2: deaths: 1
Round 3: deaths: 7
Round 4: deaths: 361
Round 5: deaths: 655
Round 1: deaths: 0
Round 2: deaths: 1
Round 3: deaths: 54
Round 4: deaths: 969
Round 1: deaths: 0
Round 2: deaths: 1
Round 3: deaths: 133
Round 4: deaths: 890
Round 1: deaths: 0
Round 2: deaths: 1
Round 3: deaths: 1
Round 4: deaths: 266
Round 5: deaths: 756
Round 1: deaths: 0
Round 2: deaths: 1
Round 3: deaths: 21
Round 4: deaths: 634
Round 5: deaths: 368
Round 1: deaths: 0
Round 2: deaths: 1
Round 3: deaths: 5
Round 4: deaths: 329
Round 5: deaths: 689
Round 1: deaths: 0
Round 2: deaths: 1
Round 3: deaths: 11
Round 4: deaths: 589
Round 5: deaths: 423
Round 1: deaths: 0
Round 2: deaths: 1
Round 3: deaths: 25
Round 4: deaths: 998
Round 1: deaths: 0
Round 2: deaths: 1
Round 3: deaths: 50
Round 4: deaths: 973
Round 1: deaths: 0
Round 2: deaths: 1
Round 3: deaths: 3
Round 4: deaths: 421
Round 5: deaths: 599
Round 1: deaths: 0
Round 2: deaths: 1
Round 3: deaths: 7
Round 4: deaths: 411
Round 5: deaths: 605
Round 1: deaths: 0
Round 2: deaths: 1
Round 3: deaths: 20
Round 4: deaths: 577
Round 5: deaths: 426
Round 1: deaths: 0
Round 2: deaths: 1
Round 3: deaths: 4
Round 4: deaths: 334
Round 5: deaths: 685
Round 1: deaths: 0
Round 2: deaths: 1
Round 3: deaths: 3
Round 4: deaths: 406
Round 5: deaths: 614
Round 1: deaths: 0
Round 2: deaths: 1
Round 3: deaths: 1
Round 4: deaths: 49
Round 5: deaths: 973
Round 1: deaths: 0
Round 2: deaths: 1
Round 3: deaths: 1
Round 4: deaths: 45
Round 5: deaths: 727
Round 6: deaths: 250
Round 1: deaths: 0
Round 2: deaths: 1
Round 3: deaths: 1
Round 4: deaths: 266
Round 5: deaths: 756
Round 1: deaths: 0
Round 2: deaths: 1
Round 3: deaths: 6
Round 4: deaths: 437
Round 5: deaths: 580
Round 1: deaths: 0
Round 2: deaths: 1
Round 3: deaths: 7
Round 4: deaths: 386
Round 5: deaths: 630
Round 1: deaths: 0
Round 2: deaths: 1
Round 3: deaths: 3
Round 4: deaths: 477
Round 5: deaths: 543
Round 1: deaths: 0
Round 2: deaths: 1
Round 3: deaths: 23
Round 4: deaths: 586
Round 5: deaths: 414
Round 1: deaths: 0
Round 2: deaths: 1
Round 3: deaths: 3
Round 4: deaths: 321
Round 5: deaths: 699
Round 1: deaths: 0
Round 2: deaths: 1
Round 3: deaths: 7
Round 4: deaths: 387
Round 5: deaths: 629
Round 1: deaths: 0
Round 2: deaths: 1
Round 3: deaths: 16
Round 4: deaths: 642
Round 5: deaths: 365
Round 1: deaths: 0
Round 2: deaths: 1
Round 3: deaths: 13
Round 4: deaths: 598
Round 5: deaths: 412
Round 1: deaths: 0
Round 2: deaths: 1
Round 3: deaths: 119
Round 4: deaths: 904
Round 1: deaths: 0
Round 2: deaths: 1
Round 3: deaths: 126
Round 4: deaths: 897
Round 1: deaths: 0
Round 2: deaths: 1
Round 3: deaths: 17
Round 4: deaths: 643
Round 5: deaths: 363
Round 1: deaths: 0
Round 2: deaths: 1
Round 3: deaths: 1
Round 4: deaths: 463
Round 5: deaths: 559
Round 1: deaths: 0
Round 2: deaths: 1
Round 3: deaths: 20
Round 4: deaths: 630
Round 5: deaths: 373
Round 1: deaths: 0
Round 2: deaths: 1
Round 3: deaths: 18
Round 4: deaths: 653
Round 5: deaths: 352
Round 1: deaths: 0
Round 2: deaths: 1
Round 3: deaths: 19
Round 4: deaths: 602
Round 5: deaths: 402
Round 1: deaths: 0
Round 2: deaths: 1
Round 3: deaths: 1
Round 4: deaths: 54
Round 5: deaths: 968
Round 1: deaths: 0
Round 2: deaths: 1
Round 3: deaths: 2
Round 4: deaths: 279
Round 5: deaths: 742
Round 1: deaths: 0
Round 2: deaths: 1
Round 3: deaths: 23
Round 4: deaths: 570
Round 5: deaths: 430
Round 1: deaths: 0
Round 2: deaths: 1
Round 3: deaths: 4
Round 4: deaths: 379
Round 5: deaths: 640
Round 1: deaths: 0
Round 2: deaths: 1
Round 3: deaths: 3
Round 4: deaths: 259
Round 5: deaths: 761
Round 1: deaths: 0
Round 2: deaths: 1
Round 3: deaths: 16
Round 4: deaths: 503
Round 5: deaths: 504
Round 1: deaths: 0
Round 2: deaths: 1
Round 3: deaths: 19
Round 4: deaths: 651
Round 5: deaths: 353
Round 1: deaths: 0
Round 2: deaths: 1
Round 3: deaths: 51
Round 4: deaths: 704
Round 5: deaths: 268
Round 1: deaths: 0
Round 2: deaths: 1
Round 3: deaths: 23
Round 4: deaths: 654
Round 5: deaths: 346
Round 1: deaths: 0
Round 2: deaths: 1
Round 3: deaths: 8
Round 4: deaths: 525
Round 5: deaths: 490
Round 1: deaths: 0
Round 2: deaths: 1
Round 3: deaths: 26
Round 4: deaths: 651
Round 5: deaths: 346
Round 1: deaths: 0
Round 2: deaths: 1
Round 3: deaths: 22
Round 4: deaths: 625
Round 5: deaths: 376
Round 1: deaths: 0
Round 2: deaths: 1
Round 3: deaths: 6
Round 4: deaths: 366
Round 5: deaths: 651
Round 1: deaths: 0
Round 2: deaths: 1
Round 3: deaths: 21
Round 4: deaths: 618
Round 5: deaths: 384
Round 1: deaths: 0
Round 2: deaths: 1
Round 3: deaths: 23
Round 4: deaths: 660
Round 5: deaths: 340
Round 1: deaths: 0
Round 2: deaths: 1
Round 3: deaths: 1
Round 4: deaths: 118
Round 5: deaths: 904
Round 1: deaths: 0
Round 2: deaths: 1
Round 3: deaths: 8
Round 4: deaths: 535
Round 5: deaths: 480
Round 1: deaths: 0
Round 2: deaths: 1
Round 3: deaths: 1
Round 4: deaths: 7
Round 5: deaths: 492
Round 6: deaths: 523
Round 1: deaths: 0
Round 2: deaths: 1
Round 3: deaths: 5
Round 4: deaths: 531
Round 5: deaths: 487
Round 1: deaths: 0
Round 2: deaths: 1
Round 3: deaths: 17
Round 4: deaths: 1006
Round 1: deaths: 0
Round 2: deaths: 1
Round 3: deaths: 3
Round 4: deaths: 39
Round 5: deaths: 981
Round 1: deaths: 0
Round 2: deaths: 1
Round 3: deaths: 53
Round 4: deaths: 708
Round 5: deaths: 262
Round 1: deaths: 0
Round 2: deaths: 1
Round 3: deaths: 1
Round 4: deaths: 120
Round 5: deaths: 902
Round 1: deaths: 0
Round 2: deaths: 1
Round 3: deaths: 1
Round 4: deaths: 126
Round 5: deaths: 896
SCALE:                          10
edgefactor:                     16
NBFS:                           64
graph_generation:               5.17932
num_mpi_processes:              1024
construction_time:              0.0045145
bfs  min_time:                  0.00817933
bfs  firstquartile_time:        0.00967595
bfs  median_time:               0.0131308
bfs  thirdquartile_time:        0.0164758
bfs  max_time:                  0.0191834
bfs  mean_time:                 0.0132921
bfs  stddev_time:               0.00356003
min_nedge:                      16239
firstquartile_nedge:            16239
median_nedge:                   16239
thirdquartile_nedge:            16239
max_nedge:                      16239
mean_nedge:                     16239
stddev_nedge:                   0
bfs  min_TEPS:                  846513
bfs  firstquartile_TEPS:        985625
bfs  median_TEPS:               1.23671e+06
bfs  thirdquartile_TEPS:        1.67828e+06
bfs  max_TEPS:                  1.98537e+06
bfs  harmonic_mean_TEPS:     !  1.2217e+06
bfs  harmonic_stddev_TEPS:      41224.3
bfs  min_validate:              0.0010907
bfs  firstquartile_validate:    0.00120485
bfs  median_validate:           0.00128999
bfs  thirdquartile_validate:    0.00154663
bfs  max_validate:              0.00305768
bfs  mean_validate:             0.00142346
bfs  stddev_validate:           0.000368514
