graph_generation:               12.939085 s
construction_time:              2.655067 s
Running BFS 0
Time for BFS 0 is 1.152047
TEPS for BFS 0 is 4.66007e+08
Validating BFS 0
Validate time for BFS 0 is 2.954751
Running BFS 1
Time for BFS 1 is 1.130823
TEPS for BFS 1 is 4.74753e+08
Validating BFS 1
Validate time for BFS 1 is 2.970370
Running BFS 2
Time for BFS 2 is 1.144228
TEPS for BFS 2 is 4.69191e+08
Validating BFS 2
Validate time for BFS 2 is 2.956855
Running BFS 3
Time for BFS 3 is 1.115001
TEPS for BFS 3 is 4.8149e+08
Validating BFS 3
Validate time for BFS 3 is 2.950548
Running BFS 4
Time for BFS 4 is 1.116930
TEPS for BFS 4 is 4.80658e+08
Validating BFS 4
Validate time for BFS 4 is 2.943100
Running BFS 5
Time for BFS 5 is 1.135456
TEPS for BFS 5 is 4.72816e+08
Validating BFS 5
Validate time for BFS 5 is 2.950756
Running BFS 6
Time for BFS 6 is 1.113749
TEPS for BFS 6 is 4.82031e+08
Validating BFS 6
Validate time for BFS 6 is 2.958126
Running BFS 7
Time for BFS 7 is 1.140086
TEPS for BFS 7 is 4.70896e+08
Validating BFS 7
Validate time for BFS 7 is 2.969471
Running BFS 8
Time for BFS 8 is 1.137488
TEPS for BFS 8 is 4.71971e+08
Validating BFS 8
Validate time for BFS 8 is 2.967407
Running BFS 9
Time for BFS 9 is 1.144142
TEPS for BFS 9 is 4.69227e+08
Validating BFS 9
Validate time for BFS 9 is 2.962094
Running BFS 10
Time for BFS 10 is 1.111348
TEPS for BFS 10 is 4.83073e+08
Validating BFS 10
Validate time for BFS 10 is 2.950075
Running BFS 11
Time for BFS 11 is 1.112280
TEPS for BFS 11 is 4.82668e+08
Validating BFS 11
Validate time for BFS 11 is 2.946382
Running BFS 12
Time for BFS 12 is 1.141367
TEPS for BFS 12 is 4.70367e+08
Validating BFS 12
Validate time for BFS 12 is 2.951473
Running BFS 13
Time for BFS 13 is 1.116344
TEPS for BFS 13 is 4.80911e+08
Validating BFS 13
Validate time for BFS 13 is 2.947728
Running BFS 14
Time for BFS 14 is 1.150578
TEPS for BFS 14 is 4.66602e+08
Validating BFS 14
Validate time for BFS 14 is 2.951349
Running BFS 15
Time for BFS 15 is 1.115456
TEPS for BFS 15 is 4.81293e+08
Validating BFS 15
Validate time for BFS 15 is 2.943181
Running BFS 16
Time for BFS 16 is 1.139620
TEPS for BFS 16 is 4.71088e+08
Validating BFS 16
Validate time for BFS 16 is 2.960331
Running BFS 17
Time for BFS 17 is 1.130448
TEPS for BFS 17 is 4.74911e+08
Validating BFS 17
Validate time for BFS 17 is 2.957877
Running BFS 18
Time for BFS 18 is 1.107900
TEPS for BFS 18 is 4.84576e+08
Validating BFS 18
Validate time for BFS 18 is 2.952367
Running BFS 19
Time for BFS 19 is 1.137409
TEPS for BFS 19 is 4.72004e+08
Validating BFS 19
Validate time for BFS 19 is 2.952544
Running BFS 20
Time for BFS 20 is 1.112653
TEPS for BFS 20 is 4.82506e+08
Validating BFS 20
Validate time for BFS 20 is 2.946402
Running BFS 21
Time for BFS 21 is 1.135762
TEPS for BFS 21 is 4.72688e+08
Validating BFS 21
Validate time for BFS 21 is 2.952035
Running BFS 22
Time for BFS 22 is 1.144976
TEPS for BFS 22 is 4.68885e+08
Validating BFS 22
Validate time for BFS 22 is 2.961321
Running BFS 23
Time for BFS 23 is 1.117721
TEPS for BFS 23 is 4.80318e+08
Validating BFS 23
Validate time for BFS 23 is 2.947695
Running BFS 24
Time for BFS 24 is 1.132934
TEPS for BFS 24 is 4.73868e+08
Validating BFS 24
Validate time for BFS 24 is 2.970553
Running BFS 25
Time for BFS 25 is 1.139983
TEPS for BFS 25 is 4.70938e+08
Validating BFS 25
Validate time for BFS 25 is 2.958790
Running BFS 26
Time for BFS 26 is 1.153436
TEPS for BFS 26 is 4.65446e+08
Validating BFS 26
Validate time for BFS 26 is 2.958192
Running BFS 27
Time for BFS 27 is 1.110663
TEPS for BFS 27 is 4.8337e+08
Validating BFS 27
Validate time for BFS 27 is 2.942016
Running BFS 28
Time for BFS 28 is 1.145523
TEPS for BFS 28 is 4.68661e+08
Validating BFS 28
Validate time for BFS 28 is 2.951944
Running BFS 29
Time for BFS 29 is 1.112063
TEPS for BFS 29 is 4.82762e+08
Validating BFS 29
Validate time for BFS 29 is 2.945582
Running BFS 30
Time for BFS 30 is 1.119106
TEPS for BFS 30 is 4.79724e+08
Validating BFS 30
Validate time for BFS 30 is 2.949925
Running BFS 31
Time for BFS 31 is 1.147868
TEPS for BFS 31 is 4.67703e+08
Validating BFS 31
Validate time for BFS 31 is 2.953334
Running BFS 32
Time for BFS 32 is 1.115845
TEPS for BFS 32 is 4.81126e+08
Validating BFS 32
Validate time for BFS 32 is 2.946402
Running BFS 33
Time for BFS 33 is 1.136041
TEPS for BFS 33 is 4.72572e+08
Validating BFS 33
Validate time for BFS 33 is 2.950434
Running BFS 34
Time for BFS 34 is 1.156186
TEPS for BFS 34 is 4.64339e+08
Validating BFS 34
Validate time for BFS 34 is 2.962303
Running BFS 35
Time for BFS 35 is 1.127210
TEPS for BFS 35 is 4.76275e+08
Validating BFS 35
Validate time for BFS 35 is 2.963058
Running BFS 36
Time for BFS 36 is 1.145053
TEPS for BFS 36 is 4.68853e+08
Validating BFS 36
Validate time for BFS 36 is 2.956619
Running BFS 37
Time for BFS 37 is 1.112588
TEPS for BFS 37 is 4.82534e+08
Validating BFS 37
Validate time for BFS 37 is 2.944288
Running BFS 38
Time for BFS 38 is 1.128151
TEPS for BFS 38 is 4.75878e+08
Validating BFS 38
Validate time for BFS 38 is 2.961341
Running BFS 39
Time for BFS 39 is 1.120413
TEPS for BFS 39 is 4.79164e+08
Validating BFS 39
Validate time for BFS 39 is 2.948695
Running BFS 40
Time for BFS 40 is 1.116108
TEPS for BFS 40 is 4.81012e+08
Validating BFS 40
Validate time for BFS 40 is 2.953127
Running BFS 41
Time for BFS 41 is 1.114692
TEPS for BFS 41 is 4.81624e+08
Validating BFS 41
Validate time for BFS 41 is 2.943838
Running BFS 42
Time for BFS 42 is 1.120076
TEPS for BFS 42 is 4.79308e+08
Validating BFS 42
Validate time for BFS 42 is 2.947845
Running BFS 43
Time for BFS 43 is 1.121853
TEPS for BFS 43 is 4.78549e+08
Validating BFS 43
Validate time for BFS 43 is 2.956020
Running BFS 44
Time for BFS 44 is 1.151452
TEPS for BFS 44 is 4.66248e+08
Validating BFS 44
Validate time for BFS 44 is 2.953339
Running BFS 45
Time for BFS 45 is 1.112545
TEPS for BFS 45 is 4.82553e+08
Validating BFS 45
Validate time for BFS 45 is 2.946077
Running BFS 46
Time for BFS 46 is 1.111360
TEPS for BFS 46 is 4.83067e+08
Validating BFS 46
Validate time for BFS 46 is 2.942274
Running BFS 47
Time for BFS 47 is 1.112017
TEPS for BFS 47 is 4.82782e+08
Validating BFS 47
Validate time for BFS 47 is 2.946345
Running BFS 48
Time for BFS 48 is 1.113457
TEPS for BFS 48 is 4.82158e+08
Validating BFS 48
Validate time for BFS 48 is 2.937263
Running BFS 49
Time for BFS 49 is 1.149539
TEPS for BFS 49 is 4.67023e+08
Validating BFS 49
Validate time for BFS 49 is 2.952194
Running BFS 50
Time for BFS 50 is 1.107458
TEPS for BFS 50 is 4.8477e+08
Validating BFS 50
Validate time for BFS 50 is 2.941754
Running BFS 51
Time for BFS 51 is 1.133208
TEPS for BFS 51 is 4.73754e+08
Validating BFS 51
Validate time for BFS 51 is 2.953991
Running BFS 52
Time for BFS 52 is 1.119794
TEPS for BFS 52 is 4.79429e+08
Validating BFS 52
Validate time for BFS 52 is 2.948388
Running BFS 53
Time for BFS 53 is 1.113168
TEPS for BFS 53 is 4.82283e+08
Validating BFS 53
Validate time for BFS 53 is 2.941794
Running BFS 54
Time for BFS 54 is 1.134414
TEPS for BFS 54 is 4.7325e+08
Validating BFS 54
Validate time for BFS 54 is 2.952058
Running BFS 55
Time for BFS 55 is 1.115722
TEPS for BFS 55 is 4.81179e+08
Validating BFS 55
Validate time for BFS 55 is 2.950833
Running BFS 56
Time for BFS 56 is 1.135967
TEPS for BFS 56 is 4.72603e+08
Validating BFS 56
Validate time for BFS 56 is 2.949703
Running BFS 57
Time for BFS 57 is 1.138478
TEPS for BFS 57 is 4.71561e+08
Validating BFS 57
Validate time for BFS 57 is 2.949856
Running BFS 58
Time for BFS 58 is 1.110397
TEPS for BFS 58 is 4.83486e+08
Validating BFS 58
Validate time for BFS 58 is 2.939217
Running BFS 59
Time for BFS 59 is 1.141198
TEPS for BFS 59 is 4.70437e+08
Validating BFS 59
Validate time for BFS 59 is 2.950503
Running BFS 60
Time for BFS 60 is 1.128530
TEPS for BFS 60 is 4.75718e+08
Validating BFS 60
Validate time for BFS 60 is 2.972161
Running BFS 61
Time for BFS 61 is 1.130636
TEPS for BFS 61 is 4.74832e+08
Validating BFS 61
Validate time for BFS 61 is 2.962843
Running BFS 62
Time for BFS 62 is 1.134802
TEPS for BFS 62 is 4.73089e+08
Validating BFS 62
Validate time for BFS 62 is 2.962089
Running BFS 63
Time for BFS 63 is 1.109201
TEPS for BFS 63 is 4.84008e+08
Validating BFS 63
Validate time for BFS 63 is 2.950710
SCALE:                          25
edgefactor:                     16
NBFS:                           64
graph_generation:               12.9391
num_mpi_processes:              32
construction_time:              2.65507
bfs  min_time:                  1.10746
bfs  firstquartile_time:        1.11422
bfs  median_time:               1.12834
bfs  thirdquartile_time:        1.1398
bfs  max_time:                  1.15619
bfs  mean_time:                 1.12786
bfs  stddev_time:               0.0142964
min_nedge:                      536861780
firstquartile_nedge:            536861780
median_nedge:                   536861780
thirdquartile_nedge:            536861780
max_nedge:                      536861780
mean_nedge:                     536861780
stddev_nedge:                   0
bfs  min_TEPS:                  4.64339e+08
bfs  firstquartile_TEPS:        4.71013e+08
bfs  median_TEPS:               4.75798e+08
bfs  thirdquartile_TEPS:        4.81827e+08
bfs  max_TEPS:                  4.8477e+08
bfs  harmonic_mean_TEPS:     !  4.76001e+08
bfs  harmonic_stddev_TEPS:      760170
bfs  min_validate:              2.93726
bfs  firstquartile_validate:    2.94705
bfs  median_validate:           2.95141
bfs  thirdquartile_validate:    2.958
bfs  max_validate:              2.97216
bfs  mean_validate:             2.95269
bfs  stddev_validate:           0.00797395
