graph_generation:               6.282802 s
construction_time:              1.053291 s
Running BFS 0
Time for BFS 0 is 0.519710
TEPS for BFS 0 is 5.16499e+08
Validating BFS 0
Validate time for BFS 0 is 1.351989
Running BFS 1
Time for BFS 1 is 0.544076
TEPS for BFS 1 is 4.93368e+08
Validating BFS 1
Validate time for BFS 1 is 1.364324
Running BFS 2
Time for BFS 2 is 0.524498
TEPS for BFS 2 is 5.11784e+08
Validating BFS 2
Validate time for BFS 2 is 1.353594
Running BFS 3
Time for BFS 3 is 0.522123
TEPS for BFS 3 is 5.14112e+08
Validating BFS 3
Validate time for BFS 3 is 1.344169
Running BFS 4
Time for BFS 4 is 0.517233
TEPS for BFS 4 is 5.18972e+08
Validating BFS 4
Validate time for BFS 4 is 1.352850
Running BFS 5
Time for BFS 5 is 0.515480
TEPS for BFS 5 is 5.20738e+08
Validating BFS 5
Validate time for BFS 5 is 1.345581
Running BFS 6
Time for BFS 6 is 0.531800
TEPS for BFS 6 is 5.04757e+08
Validating BFS 6
Validate time for BFS 6 is 1.356730
Running BFS 7
Time for BFS 7 is 0.519190
TEPS for BFS 7 is 5.17016e+08
Validating BFS 7
Validate time for BFS 7 is 1.347604
Running BFS 8
Time for BFS 8 is 0.527708
TEPS for BFS 8 is 5.08671e+08
Validating BFS 8
Validate time for BFS 8 is 1.355473
Running BFS 9
Time for BFS 9 is 0.521410
TEPS for BFS 9 is 5.14815e+08
Validating BFS 9
Validate time for BFS 9 is 1.348215
Running BFS 10
Time for BFS 10 is 0.539451
TEPS for BFS 10 is 4.97598e+08
Validating BFS 10
Validate time for BFS 10 is 1.362274
Running BFS 11
Time for BFS 11 is 0.515065
TEPS for BFS 11 is 5.21157e+08
Validating BFS 11
Validate time for BFS 11 is 1.344213
Running BFS 12
Time for BFS 12 is 0.518055
TEPS for BFS 12 is 5.18149e+08
Validating BFS 12
Validate time for BFS 12 is 1.345772
Running BFS 13
Time for BFS 13 is 0.530086
TEPS for BFS 13 is 5.06389e+08
Validating BFS 13
Validate time for BFS 13 is 1.353734
Running BFS 14
Time for BFS 14 is 0.519789
TEPS for BFS 14 is 5.16421e+08
Validating BFS 14
Validate time for BFS 14 is 1.345085
Running BFS 15
Time for BFS 15 is 0.522049
TEPS for BFS 15 is 5.14185e+08
Validating BFS 15
Validate time for BFS 15 is 1.353410
Running BFS 16
Time for BFS 16 is 0.533892
TEPS for BFS 16 is 5.02779e+08
Validating BFS 16
Validate time for BFS 16 is 1.362654
Running BFS 17
Time for BFS 17 is 0.522640
TEPS for BFS 17 is 5.13604e+08
Validating BFS 17
Validate time for BFS 17 is 1.351781
Running BFS 18
Time for BFS 18 is 0.526862
TEPS for BFS 18 is 5.09487e+08
Validating BFS 18
Validate time for BFS 18 is 1.360467
Running BFS 19
Time for BFS 19 is 0.517348
TEPS for BFS 19 is 5.18858e+08
Validating BFS 19
Validate time for BFS 19 is 1.345285
Running BFS 20
Time for BFS 20 is 0.514767
TEPS for BFS 20 is 5.21458e+08
Validating BFS 20
Validate time for BFS 20 is 1.340793
Running BFS 21
Time for BFS 21 is 0.522055
TEPS for BFS 21 is 5.14179e+08
Validating BFS 21
Validate time for BFS 21 is 1.357727
Running BFS 22
Time for BFS 22 is 0.513620
TEPS for BFS 22 is 5.22623e+08
Validating BFS 22
Validate time for BFS 22 is 1.345630
Running BFS 23
Time for BFS 23 is 0.526321
TEPS for BFS 23 is 5.10012e+08
Validating BFS 23
Validate time for BFS 23 is 1.349003
Running BFS 24
Time for BFS 24 is 0.531255
TEPS for BFS 24 is 5.05274e+08
Validating BFS 24
Validate time for BFS 24 is 1.357876
Running BFS 25
Time for BFS 25 is 0.517869
TEPS for BFS 25 is 5.18335e+08
Validating BFS 25
Validate time for BFS 25 is 1.346166
Running BFS 26
Time for BFS 26 is 0.532041
TEPS for BFS 26 is 5.04528e+08
Validating BFS 26
Validate time for BFS 26 is 1.364378
Running BFS 27
Time for BFS 27 is 0.523897
TEPS for BFS 27 is 5.12371e+08
Validating BFS 27
Validate time for BFS 27 is 1.349964
Running BFS 28
Time for BFS 28 is 0.523871
TEPS for BFS 28 is 5.12396e+08
Validating BFS 28
Validate time for BFS 28 is 1.349451
Running BFS 29
Time for BFS 29 is 0.518686
TEPS for BFS 29 is 5.17519e+08
Validating BFS 29
Validate time for BFS 29 is 1.347678
Running BFS 30
Time for BFS 30 is 0.513187
TEPS for BFS 30 is 5.23064e+08
Validating BFS 30
Validate time for BFS 30 is 1.351148
Running BFS 31
Time for BFS 31 is 0.523243
TEPS for BFS 31 is 5.13012e+08
Validating BFS 31
Validate time for BFS 31 is 1.348661
Running BFS 32
Time for BFS 32 is 0.524639
TEPS for BFS 32 is 5.11646e+08
Validating BFS 32
Validate time for BFS 32 is 1.354431
Running BFS 33
Time for BFS 33 is 0.537584
TEPS for BFS 33 is 4.99326e+08
Validating BFS 33
Validate time for BFS 33 is 1.360106
Running BFS 34
Time for BFS 34 is 0.530252
TEPS for BFS 34 is 5.0623e+08
Validating BFS 34
Validate time for BFS 34 is 1.356245
Running BFS 35
Time for BFS 35 is 0.535060
TEPS for BFS 35 is 5.01682e+08
Validating BFS 35
Validate time for BFS 35 is 1.362081
Running BFS 36
Time for BFS 36 is 0.526213
TEPS for BFS 36 is 5.10116e+08
Validating BFS 36
Validate time for BFS 36 is 1.360059
Running BFS 37
Time for BFS 37 is 0.526587
TEPS for BFS 37 is 5.09754e+08
Validating BFS 37
Validate time for BFS 37 is 1.351718
Running BFS 38
Time for BFS 38 is 0.527294
TEPS for BFS 38 is 5.0907e+08
Validating BFS 38
Validate time for BFS 38 is 1.352038
Running BFS 39
Time for BFS 39 is 0.518030
TEPS for BFS 39 is 5.18174e+08
Validating BFS 39
Validate time for BFS 39 is 1.346310
Running BFS 40
Time for BFS 40 is 0.522453
TEPS for BFS 40 is 5.13788e+08
Validating BFS 40
Validate time for BFS 40 is 1.355046
Running BFS 41
Time for BFS 41 is 0.521918
TEPS for BFS 41 is 5.14314e+08
Validating BFS 41
Validate time for BFS 41 is 1.349573
Running BFS 42
Time for BFS 42 is 0.521593
TEPS for BFS 42 is 5.14635e+08
Validating BFS 42
Validate time for BFS 42 is 1.351017
Running BFS 43
Time for BFS 43 is 0.518416
TEPS for BFS 43 is 5.17788e+08
Validating BFS 43
Validate time for BFS 43 is 1.342892
Running BFS 44
Time for BFS 44 is 0.516570
TEPS for BFS 44 is 5.19639e+08
Validating BFS 44
Validate time for BFS 44 is 1.342498
Running BFS 45
Time for BFS 45 is 0.532619
TEPS for BFS 45 is 5.03981e+08
Validating BFS 45
Validate time for BFS 45 is 1.357358
Running BFS 46
Time for BFS 46 is 0.523441
TEPS for BFS 46 is 5.12817e+08
Validating BFS 46
Validate time for BFS 46 is 1.353393
Running BFS 47
Time for BFS 47 is 0.541311
TEPS for BFS 47 is 4.95888e+08
Validating BFS 47
Validate time for BFS 47 is 1.363506
Running BFS 48
Time for BFS 48 is 0.516624
TEPS for BFS 48 is 5.19584e+08
Validating BFS 48
Validate time for BFS 48 is 1.344048
Running BFS 49
Time for BFS 49 is 0.516203
TEPS for BFS 49 is 5.20008e+08
Validating BFS 49
Validate time for BFS 49 is 1.344178
Running BFS 50
Time for BFS 50 is 0.519804
TEPS for BFS 50 is 5.16406e+08
Validating BFS 50
Validate time for BFS 50 is 1.350583
Running BFS 51
Time for BFS 51 is 0.513940
TEPS for BFS 51 is 5.22298e+08
Validating BFS 51
Validate time for BFS 51 is 1.345007
Running BFS 52
Time for BFS 52 is 0.517546
TEPS for BFS 52 is 5.18659e+08
Validating BFS 52
Validate time for BFS 52 is 1.351322
Running BFS 53
Time for BFS 53 is 0.520781
TEPS for BFS 53 is 5.15437e+08
Validating BFS 53
Validate time for BFS 53 is 1.344912
Running BFS 54
Time for BFS 54 is 0.518729
TEPS for BFS 54 is 5.17476e+08
Validating BFS 54
Validate time for BFS 54 is 1.341657
Running BFS 55
Time for BFS 55 is 0.518031
TEPS for BFS 55 is 5.18173e+08
Validating BFS 55
Validate time for BFS 55 is 1.345347
Running BFS 56
Time for BFS 56 is 0.532838
TEPS for BFS 56 is 5.03773e+08
Validating BFS 56
Validate time for BFS 56 is 1.353163
Running BFS 57
Time for BFS 57 is 0.522519
TEPS for BFS 57 is 5.13723e+08
Validating BFS 57
Validate time for BFS 57 is 1.350988
Running BFS 58
Time for BFS 58 is 0.516863
TEPS for BFS 58 is 5.19344e+08
Validating BFS 58
Validate time for BFS 58 is 1.342675
Running BFS 59
Time for BFS 59 is 0.514030
TEPS for BFS 59 is 5.22206e+08
Validating BFS 59
Validate time for BFS 59 is 1.347084
Running BFS 60
Time for BFS 60 is 0.529598
TEPS for BFS 60 is 5.06856e+08
Validating BFS 60
Validate time for BFS 60 is 1.353734
Running BFS 61
Time for BFS 61 is 0.537072
TEPS for BFS 61 is 4.99802e+08
Validating BFS 61
Validate time for BFS 61 is 1.359563
Running BFS 62
Time for BFS 62 is 0.522450
TEPS for BFS 62 is 5.1379e+08
Validating BFS 62
Validate time for BFS 62 is 1.350489
Running BFS 63
Time for BFS 63 is 0.515228
TEPS for BFS 63 is 5.20992e+08
Validating BFS 63
Validate time for BFS 63 is 1.343054
SCALE:                          24
edgefactor:                     16
NBFS:                           64
graph_generation:               6.2828
num_mpi_processes:              32
construction_time:              1.05329
bfs  min_time:                  0.513187
bfs  firstquartile_time:        0.51795
bfs  median_time:               0.522089
bfs  thirdquartile_time:        0.527501
bfs  max_time:                  0.544076
bfs  mean_time:                 0.523524
bfs  stddev_time:               0.00738965
min_nedge:                      268429687
firstquartile_nedge:            268429687
median_nedge:                   268429687
thirdquartile_nedge:            268429687
max_nedge:                      268429687
mean_nedge:                     268429687
stddev_nedge:                   0
bfs  min_TEPS:                  4.93368e+08
bfs  firstquartile_TEPS:        5.08871e+08
bfs  median_TEPS:               5.14145e+08
bfs  thirdquartile_TEPS:        5.18254e+08
bfs  max_TEPS:                  5.23064e+08
bfs  harmonic_mean_TEPS:     !  5.12737e+08
bfs  harmonic_stddev_TEPS:      911825
bfs  min_validate:              1.34079
bfs  firstquartile_validate:    1.34561
bfs  median_validate:           1.351
bfs  thirdquartile_validate:    1.35526
bfs  max_validate:              1.36438
bfs  mean_validate:             1.35125
bfs  stddev_validate:           0.00632809
