SCALE:                          24
edgefactor:                     16
NBFS:                           64
graph_generation:               6.32468
num_mpi_processes:              1024
construction_time:              0.89631
bfs  min_time:                  0.0621875
bfs  firstquartile_time:        0.0642077
bfs  median_time:               0.0653661
bfs  thirdquartile_time:        0.0670414
bfs  max_time:                  0.0711112
bfs  mean_time:                 0.0657388
bfs  stddev_time:               0.00224717
min_nedge:                      268429687
firstquartile_nedge:            268429687
median_nedge:                   268429687
thirdquartile_nedge:            268429687
max_nedge:                      268429687
mean_nedge:                     268429687
stddev_nedge:                   0
bfs  min_TEPS:                  3.77479e+09
bfs  firstquartile_TEPS:        4.00394e+09
bfs  median_TEPS:               4.10656e+09
bfs  thirdquartile_TEPS:        4.18065e+09
bfs  max_TEPS:                  4.31645e+09
bfs  harmonic_mean_TEPS:     !  4.08328e+09
bfs  harmonic_stddev_TEPS:      1.75854e+07
bfs  min_validate:              0.145558
bfs  firstquartile_validate:    0.147812
bfs  median_validate:           0.14941
bfs  thirdquartile_validate:    0.151729
bfs  max_validate:              0.161068
bfs  mean_validate:             0.149815
bfs  stddev_validate:           0.00277935
