SCALE:                          23
edgefactor:                     16
NBFS:                           64
graph_generation:               6.09271
num_mpi_processes:              32
construction_time:              0.815469
bfs  min_time:                  0.262032
bfs  firstquartile_time:        0.264642
bfs  median_time:               0.266497
bfs  thirdquartile_time:        0.271089
bfs  max_time:                  0.275311
bfs  mean_time:                 0.267776
bfs  stddev_time:               0.00381325
min_nedge:                      134213828
firstquartile_nedge:            134213828
median_nedge:                   134213828
thirdquartile_nedge:            134213828
max_nedge:                      134213828
mean_nedge:                     134213828
stddev_nedge:                   0
bfs  min_TEPS:                  4.87499e+08
bfs  firstquartile_TEPS:        4.95091e+08
bfs  median_TEPS:               5.03623e+08
bfs  thirdquartile_TEPS:        5.07153e+08
bfs  max_TEPS:                  5.12204e+08
bfs  harmonic_mean_TEPS:     !  5.01218e+08
bfs  harmonic_stddev_TEPS:      899250
bfs  min_validate:              0.653587
bfs  firstquartile_validate:    0.656729
bfs  median_validate:           0.659699
bfs  thirdquartile_validate:    0.663122
bfs  max_validate:              0.673304
bfs  mean_validate:             0.66039
bfs  stddev_validate:           0.00453292
