SCALE:                          24
edgefactor:                     16
NBFS:                           64
graph_generation:               6.29188
num_mpi_processes:              32
construction_time:              1.986
bfs  min_time:                  0.8161
bfs  firstquartile_time:        0.822134
bfs  median_time:               0.830775
bfs  thirdquartile_time:        0.84171
bfs  max_time:                  0.862013
bfs  mean_time:                 0.832513
bfs  stddev_time:               0.0119466
min_nedge:                      268429687
firstquartile_nedge:            268429687
median_nedge:                   268429687
thirdquartile_nedge:            268429687
max_nedge:                      268429687
mean_nedge:                     268429687
stddev_nedge:                   0
bfs  min_TEPS:                  3.11399e+08
bfs  firstquartile_TEPS:        3.1891e+08
bfs  median_TEPS:               3.23107e+08
bfs  thirdquartile_TEPS:        3.26504e+08
bfs  max_TEPS:                  3.28918e+08
bfs  harmonic_mean_TEPS:     !  3.22433e+08
bfs  harmonic_stddev_TEPS:      582940
bfs  min_validate:              2.67585
bfs  firstquartile_validate:    2.68479
bfs  median_validate:           2.69282
bfs  thirdquartile_validate:    2.70009
bfs  max_validate:              2.73528
bfs  mean_validate:             2.69444
bfs  stddev_validate:           0.0116392
