SCALE:                          25
edgefactor:                     16
NBFS:                           64
graph_generation:               13.0153
num_mpi_processes:              32
construction_time:              4.25838
bfs  min_time:                  1.60771
bfs  firstquartile_time:        1.63171
bfs  median_time:               1.64782
bfs  thirdquartile_time:        1.65911
bfs  max_time:                  1.68281
bfs  mean_time:                 1.64576
bfs  stddev_time:               0.0182899
min_nedge:                      536861780
firstquartile_nedge:            536861780
median_nedge:                   536861780
thirdquartile_nedge:            536861780
max_nedge:                      536861780
mean_nedge:                     536861780
stddev_nedge:                   0
bfs  min_TEPS:                  3.19026e+08
bfs  firstquartile_TEPS:        3.23585e+08
bfs  median_TEPS:               3.25801e+08
bfs  thirdquartile_TEPS:        3.29018e+08
bfs  max_TEPS:                  3.3393e+08
bfs  harmonic_mean_TEPS:     !  3.26208e+08
bfs  harmonic_stddev_TEPS:      456740
bfs  min_validate:              5.54108
bfs  firstquartile_validate:    5.5606
bfs  median_validate:           5.57425
bfs  thirdquartile_validate:    5.58436
bfs  max_validate:              5.65657
bfs  mean_validate:             5.57561
bfs  stddev_validate:           0.0228066
