SCALE:                          26
edgefactor:                     16
NBFS:                           64
graph_generation:               6.69615
num_mpi_processes:              1024
construction_time:              1.10703
bfs  min_time:                  0.208882
bfs  firstquartile_time:        0.215516
bfs  median_time:               0.218762
bfs  thirdquartile_time:        0.223237
bfs  max_time:                  0.234124
bfs  mean_time:                 0.219997
bfs  stddev_time:               0.00624456
min_nedge:                      1073726823
firstquartile_nedge:            1073726823
median_nedge:                   1073726823
thirdquartile_nedge:            1073726823
max_nedge:                      1073726823
mean_nedge:                     1073726823
stddev_nedge:                   0
bfs  min_TEPS:                  4.58614e+09
bfs  firstquartile_TEPS:        4.80981e+09
bfs  median_TEPS:               4.9082e+09
bfs  thirdquartile_TEPS:        4.98212e+09
bfs  max_TEPS:                  5.14035e+09
bfs  harmonic_mean_TEPS:     !  4.88064e+09
bfs  harmonic_stddev_TEPS:      1.74538e+07
bfs  min_validate:              0.549104
bfs  firstquartile_validate:    0.555494
bfs  median_validate:           0.558304
bfs  thirdquartile_validate:    0.562302
bfs  max_validate:              0.571503
bfs  mean_validate:             0.559254
bfs  stddev_validate:           0.00513258
