SCALE:                          25
edgefactor:                     16
NBFS:                           64
graph_generation:               6.50194
num_mpi_processes:              1024
construction_time:              0.951171
bfs  min_time:                  0.114364
bfs  firstquartile_time:        0.117605
bfs  median_time:               0.119312
bfs  thirdquartile_time:        0.12172
bfs  max_time:                  0.130531
bfs  mean_time:                 0.119824
bfs  stddev_time:               0.00367893
min_nedge:                      536861780
firstquartile_nedge:            536861780
median_nedge:                   536861780
thirdquartile_nedge:            536861780
max_nedge:                      536861780
mean_nedge:                     536861780
stddev_nedge:                   0
bfs  min_TEPS:                  4.11291e+09
bfs  firstquartile_TEPS:        4.41062e+09
bfs  median_TEPS:               4.49965e+09
bfs  thirdquartile_TEPS:        4.56495e+09
bfs  max_TEPS:                  4.69432e+09
bfs  harmonic_mean_TEPS:     !  4.48042e+09
bfs  harmonic_stddev_TEPS:      1.73311e+07
bfs  min_validate:              0.279938
bfs  firstquartile_validate:    0.283846
bfs  median_validate:           0.28573
bfs  thirdquartile_validate:    0.287481
bfs  max_validate:              0.296369
bfs  mean_validate:             0.285967
bfs  stddev_validate:           0.00306944
