SCALE:                          23
edgefactor:                     16
NBFS:                           64
graph_generation:               6.09462
num_mpi_processes:              32
construction_time:              1.41006
bfs  min_time:                  0.409903
bfs  firstquartile_time:        0.414988
bfs  median_time:               0.420755
bfs  thirdquartile_time:        0.428303
bfs  max_time:                  0.439874
bfs  mean_time:                 0.421602
bfs  stddev_time:               0.00820199
min_nedge:                      134213828
firstquartile_nedge:            134213828
median_nedge:                   134213828
thirdquartile_nedge:            134213828
max_nedge:                      134213828
mean_nedge:                     134213828
stddev_nedge:                   0
bfs  min_TEPS:                  3.05119e+08
bfs  firstquartile_TEPS:        3.13362e+08
bfs  median_TEPS:               3.18983e+08
bfs  thirdquartile_TEPS:        3.23416e+08
bfs  max_TEPS:                  3.27428e+08
bfs  harmonic_mean_TEPS:     !  3.18343e+08
bfs  harmonic_stddev_TEPS:      780263
bfs  min_validate:              1.27079
bfs  firstquartile_validate:    1.2764
bfs  median_validate:           1.28104
bfs  thirdquartile_validate:    1.28812
bfs  max_validate:              1.30218
bfs  mean_validate:             1.28257
bfs  stddev_validate:           0.00754217
