SCALE:                          26
edgefactor:                     16
NBFS:                           64
graph_generation:               26.6417
num_mpi_processes:              32
construction_time:              4.69107
bfs  min_time:                  2.13863
bfs  firstquartile_time:        2.16052
bfs  median_time:               2.17217
bfs  thirdquartile_time:        2.19975
bfs  max_time:                  2.22375
bfs  mean_time:                 2.17948
bfs  stddev_time:               0.0229999
min_nedge:                      1073726823
firstquartile_nedge:            1073726823
median_nedge:                   1073726823
thirdquartile_nedge:            1073726823
max_nedge:                      1073726823
mean_nedge:                     1073726823
stddev_nedge:                   0
bfs  min_TEPS:                  4.82845e+08
bfs  firstquartile_TEPS:        4.88114e+08
bfs  median_TEPS:               4.94312e+08
bfs  thirdquartile_TEPS:        4.96977e+08
bfs  max_TEPS:                  5.02064e+08
bfs  harmonic_mean_TEPS:     !  4.92652e+08
bfs  harmonic_stddev_TEPS:      655001
bfs  min_validate:              5.9433
bfs  firstquartile_validate:    5.95969
bfs  median_validate:           5.9771
bfs  thirdquartile_validate:    5.99464
bfs  max_validate:              6.0165
bfs  mean_validate:             5.97757
bfs  stddev_validate:           0.0202333
