SCALE:                          23
edgefactor:                     16
NBFS:                           64
graph_generation:               6.12063
num_mpi_processes:              1024
construction_time:              0.78248
bfs  min_time:                  0.0345092
bfs  firstquartile_time:        0.0361481
bfs  median_time:               0.0368034
bfs  thirdquartile_time:        0.0381267
bfs  max_time:                  0.0404454
bfs  mean_time:                 0.0370934
bfs  stddev_time:               0.00136546
min_nedge:                      134213828
firstquartile_nedge:            134213828
median_nedge:                   134213828
thirdquartile_nedge:            134213828
max_nedge:                      134213828
mean_nedge:                     134213828
stddev_nedge:                   0
bfs  min_TEPS:                  3.3184e+09
bfs  firstquartile_TEPS:        3.52021e+09
bfs  median_TEPS:               3.64677e+09
bfs  thirdquartile_TEPS:        3.71288e+09
bfs  max_TEPS:                  3.88922e+09
bfs  harmonic_mean_TEPS:     !  3.61827e+09
bfs  harmonic_stddev_TEPS:      1.67808e+07
bfs  min_validate:              0.0827462
bfs  firstquartile_validate:    0.0843475
bfs  median_validate:           0.0859615
bfs  thirdquartile_validate:    0.0866651
bfs  max_validate:              0.0913587
bfs  mean_validate:             0.0858191
bfs  stddev_validate:           0.00167238
