Round 1: deaths: 0
Round 2: deaths: 0
Round 3: deaths: 0
Round 4: deaths: 0
Round 5: deaths: 0
Round 6: deaths: 0
Round 7: deaths: 1024
Round 1: deaths: 0
Round 2: deaths: 0
Round 3: deaths: 0
Round 4: deaths: 0
Round 5: deaths: 0
Round 6: deaths: 0
Round 7: deaths: 1024
Round 1: deaths: 0
Round 2: deaths: 0
Round 3: deaths: 0
Round 4: deaths: 0
Round 5: deaths: 0
Round 6: deaths: 0
Round 7: deaths: 0
Round 8: deaths: 1024
Round 1: deaths: 0
Round 2: deaths: 0
Round 3: deaths: 0
Round 4: deaths: 0
Round 5: deaths: 0
Round 6: deaths: 0
Round 7: deaths: 1024
Round 1: deaths: 0
Round 2: deaths: 0
Round 3: deaths: 0
Round 4: deaths: 0
Round 5: deaths: 0
Round 6: deaths: 0
Round 7: deaths: 0
Round 8: deaths: 1024
Round 1: deaths: 0
Round 2: deaths: 0
Round 3: deaths: 0
Round 4: deaths: 0
Round 5: deaths: 0
Round 6: deaths: 0
Round 7: deaths: 1024
Round 1: deaths: 0
Round 2: deaths: 0
Round 3: deaths: 0
Round 4: deaths: 0
Round 5: deaths: 0
Round 6: deaths: 1024
Round 1: deaths: 0
Round 2: deaths: 0
Round 3: deaths: 0
Round 4: deaths: 0
Round 5: deaths: 0
Round 6: deaths: 0
Round 7: deaths: 1024
Round 1: deaths: 0
Round 2: deaths: 0
Round 3: deaths: 0
Round 4: deaths: 0
Round 5: deaths: 0
Round 6: deaths: 0
Round 7: deaths: 1024
Round 1: deaths: 0
Round 2: deaths: 0
Round 3: deaths: 0
Round 4: deaths: 0
Round 5: deaths: 0
Round 6: deaths: 0
Round 7: deaths: 1024
Round 1: deaths: 0
Round 2: deaths: 0
Round 3: deaths: 0
Round 4: deaths: 0
Round 5: deaths: 0
Round 6: deaths: 0
Round 7: deaths: 0
Round 8: deaths: 1024
Round 1: deaths: 0
Round 2: deaths: 0
Round 3: deaths: 0
Round 4: deaths: 0
Round 5: deaths: 0
Round 6: deaths: 0
Round 7: deaths: 1024
Round 1: deaths: 0
Round 2: deaths: 0
Round 3: deaths: 0
Round 4: deaths: 0
Round 5: deaths: 0
Round 6: deaths: 0
Round 7: deaths: 1024
Round 1: deaths: 0
Round 2: deaths: 0
Round 3: deaths: 0
Round 4: deaths: 0
Round 5: deaths: 0
Round 6: deaths: 0
Round 7: deaths: 1024
Round 1: deaths: 0
Round 2: deaths: 0
Round 3: deaths: 0
Round 4: deaths: 0
Round 5: deaths: 0
Round 6: deaths: 0
Round 7: deaths: 1024
Round 1: deaths: 0
Round 2: deaths: 0
Round 3: deaths: 0
Round 4: deaths: 0
Round 5: deaths: 0
Round 6: deaths: 0
Round 7: deaths: 1024
Round 1: deaths: 0
Round 2: deaths: 0
Round 3: deaths: 0
Round 4: deaths: 0
Round 5: deaths: 0
Round 6: deaths: 0
Round 7: deaths: 0
Round 8: deaths: 1024
Round 1: deaths: 0
Round 2: deaths: 0
Round 3: deaths: 0
Round 4: deaths: 0
Round 5: deaths: 0
Round 6: deaths: 0
Round 7: deaths: 1024
Round 1: deaths: 0
Round 2: deaths: 0
Round 3: deaths: 0
Round 4: deaths: 0
Round 5: deaths: 0
Round 6: deaths: 0
Round 7: deaths: 1024
Round 1: deaths: 0
Round 2: deaths: 0
Round 3: deaths: 0
Round 4: deaths: 0
Round 5: deaths: 0
Round 6: deaths: 0
Round 7: deaths: 1024
Round 1: deaths: 0
Round 2: deaths: 0
Round 3: deaths: 0
Round 4: deaths: 0
Round 5: deaths: 0
Round 6: deaths: 0
Round 7: deaths: 0
Round 8: deaths: 1024
Round 1: deaths: 0
Round 2: deaths: 0
Round 3: deaths: 0
Round 4: deaths: 0
Round 5: deaths: 0
Round 6: deaths: 0
Round 7: deaths: 1024
Round 1: deaths: 0
Round 2: deaths: 0
Round 3: deaths: 0
Round 4: deaths: 0
Round 5: deaths: 0
Round 6: deaths: 0
Round 7: deaths: 0
Round 8: deaths: 1024
Round 1: deaths: 0
Round 2: deaths: 0
Round 3: deaths: 0
Round 4: deaths: 0
Round 5: deaths: 0
Round 6: deaths: 0
Round 7: deaths: 1024
Round 1: deaths: 0
Round 2: deaths: 0
Round 3: deaths: 0
Round 4: deaths: 0
Round 5: deaths: 0
Round 6: deaths: 0
Round 7: deaths: 1024
Round 1: deaths: 0
Round 2: deaths: 0
Round 3: deaths: 0
Round 4: deaths: 0
Round 5: deaths: 0
Round 6: deaths: 0
Round 7: deaths: 1024
Round 1: deaths: 0
Round 2: deaths: 0
Round 3: deaths: 0
Round 4: deaths: 0
Round 5: deaths: 0
Round 6: deaths: 0
Round 7: deaths: 1024
Round 1: deaths: 0
Round 2: deaths: 0
Round 3: deaths: 0
Round 4: deaths: 0
Round 5: deaths: 0
Round 6: deaths: 0
Round 7: deaths: 1024
Round 1: deaths: 0
Round 2: deaths: 0
Round 3: deaths: 0
Round 4: deaths: 0
Round 5: deaths: 0
Round 6: deaths: 1024
Round 1: deaths: 0
Round 2: deaths: 0
Round 3: deaths: 0
Round 4: deaths: 0
Round 5: deaths: 0
Round 6: deaths: 0
Round 7: deaths: 0
Round 8: deaths: 1024
Round 1: deaths: 0
Round 2: deaths: 0
Round 3: deaths: 0
Round 4: deaths: 0
Round 5: deaths: 0
Round 6: deaths: 0
Round 7: deaths: 1024
Round 1: deaths: 0
Round 2: deaths: 0
Round 3: deaths: 0
Round 4: deaths: 0
Round 5: deaths: 0
Round 6: deaths: 1024
Round 1: deaths: 0
Round 2: deaths: 0
Round 3: deaths: 0
Round 4: deaths: 0
Round 5: deaths: 0
Round 6: deaths: 0
Round 7: deaths: 1024
Round 1: deaths: 0
Round 2: deaths: 0
Round 3: deaths: 0
Round 4: deaths: 0
Round 5: deaths: 0
Round 6: deaths: 0
Round 7: deaths: 1024
Round 1: deaths: 0
Round 2: deaths: 0
Round 3: deaths: 0
Round 4: deaths: 0
Round 5: deaths: 0
Round 6: deaths: 0
Round 7: deaths: 1024
Round 1: deaths: 0
Round 2: deaths: 0
Round 3: deaths: 0
Round 4: deaths: 0
Round 5: deaths: 0
Round 6: deaths: 1024
Round 1: deaths: 0
Round 2: deaths: 0
Round 3: deaths: 0
Round 4: deaths: 0
Round 5: deaths: 0
Round 6: deaths: 0
Round 7: deaths: 1024
Round 1: deaths: 0
Round 2: deaths: 0
Round 3: deaths: 0
Round 4: deaths: 0
Round 5: deaths: 0
Round 6: deaths: 0
Round 7: deaths: 0
Round 8: deaths: 1024
Round 1: deaths: 0
Round 2: deaths: 0
Round 3: deaths: 0
Round 4: deaths: 0
Round 5: deaths: 0
Round 6: deaths: 0
Round 7: deaths: 1024
Round 1: deaths: 0
Round 2: deaths: 0
Round 3: deaths: 0
Round 4: deaths: 0
Round 5: deaths: 0
Round 6: deaths: 0
Round 7: deaths: 1024
Round 1: deaths: 0
Round 2: deaths: 0
Round 3: deaths: 0
Round 4: deaths: 0
Round 5: deaths: 0
Round 6: deaths: 0
Round 7: deaths: 0
Round 8: deaths: 1024
Round 1: deaths: 0
Round 2: deaths: 0
Round 3: deaths: 0
Round 4: deaths: 0
Round 5: deaths: 0
Round 6: deaths: 0
Round 7: deaths: 1024
Round 1: deaths: 0
Round 2: deaths: 0
Round 3: deaths: 0
Round 4: deaths: 0
Round 5: deaths: 0
Round 6: deaths: 0
Round 7: deaths: 1024
Round 1: deaths: 0
Round 2: deaths: 0
Round 3: deaths: 0
Round 4: deaths: 0
Round 5: deaths: 0
Round 6: deaths: 0
Round 7: deaths: 1024
Round 1: deaths: 0
Round 2: deaths: 0
Round 3: deaths: 0
Round 4: deaths: 0
Round 5: deaths: 0
Round 6: deaths: 0
Round 7: deaths: 1024
Round 1: deaths: 0
Round 2: deaths: 0
Round 3: deaths: 0
Round 4: deaths: 0
Round 5: deaths: 0
Round 6: deaths: 1024
Round 1: deaths: 0
Round 2: deaths: 0
Round 3: deaths: 0
Round 4: deaths: 0
Round 5: deaths: 0
Round 6: deaths: 0
Round 7: deaths: 1024
Round 1: deaths: 0
Round 2: deaths: 0
Round 3: deaths: 0
Round 4: deaths: 0
Round 5: deaths: 0
Round 6: deaths: 0
Round 7: deaths: 0
Round 8: deaths: 1024
Round 1: deaths: 0
Round 2: deaths: 0
Round 3: deaths: 0
Round 4: deaths: 0
Round 5: deaths: 0
Round 6: deaths: 0
Round 7: deaths: 0
Round 8: deaths: 1024
Round 1: deaths: 0
Round 2: deaths: 0
Round 3: deaths: 0
Round 4: deaths: 0
Round 5: deaths: 0
Round 6: deaths: 0
Round 7: deaths: 1024
Round 1: deaths: 0
Round 2: deaths: 0
Round 3: deaths: 0
Round 4: deaths: 0
Round 5: deaths: 0
Round 6: deaths: 0
Round 7: deaths: 1024
Round 1: deaths: 0
Round 2: deaths: 0
Round 3: deaths: 0
Round 4: deaths: 0
Round 5: deaths: 0
Round 6: deaths: 0
Round 7: deaths: 1024
Round 1: deaths: 0
Round 2: deaths: 0
Round 3: deaths: 0
Round 4: deaths: 0
Round 5: deaths: 0
Round 6: deaths: 0
Round 7: deaths: 1024
Round 1: deaths: 0
Round 2: deaths: 0
Round 3: deaths: 0
Round 4: deaths: 0
Round 5: deaths: 0
Round 6: deaths: 0
Round 7: deaths: 1024
Round 1: deaths: 0
Round 2: deaths: 0
Round 3: deaths: 0
Round 4: deaths: 0
Round 5: deaths: 0
Round 6: deaths: 0
Round 7: deaths: 1024
Round 1: deaths: 0
Round 2: deaths: 0
Round 3: deaths: 0
Round 4: deaths: 0
Round 5: deaths: 0
Round 6: deaths: 0
Round 7: deaths: 1024
Round 1: deaths: 0
Round 2: deaths: 0
Round 3: deaths: 0
Round 4: deaths: 0
Round 5: deaths: 0
Round 6: deaths: 0
Round 7: deaths: 1024
Round 1: deaths: 0
Round 2: deaths: 0
Round 3: deaths: 0
Round 4: deaths: 0
Round 5: deaths: 0
Round 6: deaths: 0
Round 7: deaths: 1024
Round 1: deaths: 0
Round 2: deaths: 0
Round 3: deaths: 0
Round 4: deaths: 0
Round 5: deaths: 0
Round 6: deaths: 0
Round 7: deaths: 1024
Round 1: deaths: 0
Round 2: deaths: 0
Round 3: deaths: 0
Round 4: deaths: 0
Round 5: deaths: 0
Round 6: deaths: 0
Round 7: deaths: 1024
Round 1: deaths: 0
Round 2: deaths: 0
Round 3: deaths: 0
Round 4: deaths: 0
Round 5: deaths: 0
Round 6: deaths: 0
Round 7: deaths: 1024
Round 1: deaths: 0
Round 2: deaths: 0
Round 3: deaths: 0
Round 4: deaths: 0
Round 5: deaths: 0
Round 6: deaths: 0
Round 7: deaths: 1024
Round 1: deaths: 0
Round 2: deaths: 0
Round 3: deaths: 0
Round 4: deaths: 0
Round 5: deaths: 0
Round 6: deaths: 0
Round 7: deaths: 1024
Round 1: deaths: 0
Round 2: deaths: 0
Round 3: deaths: 0
Round 4: deaths: 0
Round 5: deaths: 0
Round 6: deaths: 1024
Round 1: deaths: 0
Round 2: deaths: 0
Round 3: deaths: 0
Round 4: deaths: 0
Round 5: deaths: 0
Round 6: deaths: 0
Round 7: deaths: 1024
SCALE:                          23
edgefactor:                     16
NBFS:                           64
graph_generation:               6.24548
num_mpi_processes:              1024
construction_time:              0.785404
bfs  min_time:                  2.08741
bfs  firstquartile_time:        2.41952
bfs  median_time:               2.47157
bfs  thirdquartile_time:        2.50621
bfs  max_time:                  2.88993
bfs  mean_time:                 2.48933
bfs  stddev_time:               0.187319
min_nedge:                      134213828
firstquartile_nedge:            134213828
median_nedge:                   134213828
thirdquartile_nedge:            134213828
max_nedge:                      134213828
mean_nedge:                     134213828
stddev_nedge:                   0
bfs  min_TEPS:                  4.64419e+07
bfs  firstquartile_TEPS:        5.35525e+07
bfs  median_TEPS:               5.43031e+07
bfs  thirdquartile_TEPS:        5.54713e+07
bfs  max_TEPS:                  6.42969e+07
bfs  harmonic_mean_TEPS:     !  5.39156e+07
bfs  harmonic_stddev_TEPS:      511142
bfs  min_validate:              0.0943314
bfs  firstquartile_validate:    0.0964202
bfs  median_validate:           0.0988164
bfs  thirdquartile_validate:    0.101652
bfs  max_validate:              0.108399
bfs  mean_validate:             0.0993509
bfs  stddev_validate:           0.00351853
