SCALE:                          23
edgefactor:                     16
NBFS:                           64
graph_generation:               6.13083
num_mpi_processes:              1024
construction_time:              0.765231
bfs  min_time:                  1.0008
bfs  firstquartile_time:        1.15607
bfs  median_time:               1.31456
bfs  thirdquartile_time:        1.48158
bfs  max_time:                  1.95692
bfs  mean_time:                 1.35811
bfs  stddev_time:               0.203437
min_nedge:                      134213828
firstquartile_nedge:            134213828
median_nedge:                   134213828
thirdquartile_nedge:            134213828
max_nedge:                      134213828
mean_nedge:                     134213828
stddev_nedge:                   0
bfs  min_TEPS:                  6.85842e+07
bfs  firstquartile_TEPS:        9.05882e+07
bfs  median_TEPS:               1.02098e+08
bfs  thirdquartile_TEPS:        1.16094e+08
bfs  max_TEPS:                  1.34106e+08
bfs  harmonic_mean_TEPS:     !  9.88236e+07
bfs  harmonic_stddev_TEPS:      1.86502e+06
bfs  min_validate:              0.0827151
bfs  firstquartile_validate:    0.0853221
bfs  median_validate:           0.0870576
bfs  thirdquartile_validate:    0.0883541
bfs  max_validate:              0.09305
bfs  mean_validate:             0.0869619
bfs  stddev_validate:           0.00196405
