graph_generation:               6.324684 s
construction_time:              0.896310 s
Running BFS 0
Time for BFS 0 is 0.065723
TEPS for BFS 0 is 4.08428e+09
Validating BFS 0
Validate time for BFS 0 is 0.152232
Running BFS 1
Time for BFS 1 is 0.068589
TEPS for BFS 1 is 3.91358e+09
Validating BFS 1
Validate time for BFS 1 is 0.154178
Running BFS 2
Time for BFS 2 is 0.066565
TEPS for BFS 2 is 4.0326e+09
Validating BFS 2
Validate time for BFS 2 is 0.150155
Running BFS 3
Time for BFS 3 is 0.063511
TEPS for BFS 3 is 4.2265e+09
Validating BFS 3
Validate time for BFS 3 is 0.150144
Running BFS 4
Time for BFS 4 is 0.066475
TEPS for BFS 4 is 4.03803e+09
Validating BFS 4
Validate time for BFS 4 is 0.151941
Running BFS 5
Time for BFS 5 is 0.064521
TEPS for BFS 5 is 4.16038e+09
Validating BFS 5
Validate time for BFS 5 is 0.147782
Running BFS 6
Time for BFS 6 is 0.066551
TEPS for BFS 6 is 4.03345e+09
Validating BFS 6
Validate time for BFS 6 is 0.148936
Running BFS 7
Time for BFS 7 is 0.067851
TEPS for BFS 7 is 3.95616e+09
Validating BFS 7
Validate time for BFS 7 is 0.154312
Running BFS 8
Time for BFS 8 is 0.064237
TEPS for BFS 8 is 4.17877e+09
Validating BFS 8
Validate time for BFS 8 is 0.146776
Running BFS 9
Time for BFS 9 is 0.064928
TEPS for BFS 9 is 4.13427e+09
Validating BFS 9
Validate time for BFS 9 is 0.146489
Running BFS 10
Time for BFS 10 is 0.065942
TEPS for BFS 10 is 4.0707e+09
Validating BFS 10
Validate time for BFS 10 is 0.149929
Running BFS 11
Time for BFS 11 is 0.064429
TEPS for BFS 11 is 4.16632e+09
Validating BFS 11
Validate time for BFS 11 is 0.150061
Running BFS 12
Time for BFS 12 is 0.064903
TEPS for BFS 12 is 4.13586e+09
Validating BFS 12
Validate time for BFS 12 is 0.148063
Running BFS 13
Time for BFS 13 is 0.071018
TEPS for BFS 13 is 3.77976e+09
Validating BFS 13
Validate time for BFS 13 is 0.152221
Running BFS 14
Time for BFS 14 is 0.067608
TEPS for BFS 14 is 3.97036e+09
Validating BFS 14
Validate time for BFS 14 is 0.152465
Running BFS 15
Time for BFS 15 is 0.066417
TEPS for BFS 15 is 4.04155e+09
Validating BFS 15
Validate time for BFS 15 is 0.151196
Running BFS 16
Time for BFS 16 is 0.066828
TEPS for BFS 16 is 4.0167e+09
Validating BFS 16
Validate time for BFS 16 is 0.149147
Running BFS 17
Time for BFS 17 is 0.067861
TEPS for BFS 17 is 3.95557e+09
Validating BFS 17
Validate time for BFS 17 is 0.152879
Running BFS 18
Time for BFS 18 is 0.064100
TEPS for BFS 18 is 4.18765e+09
Validating BFS 18
Validate time for BFS 18 is 0.149348
Running BFS 19
Time for BFS 19 is 0.063384
TEPS for BFS 19 is 4.235e+09
Validating BFS 19
Validate time for BFS 19 is 0.150583
Running BFS 20
Time for BFS 20 is 0.065199
TEPS for BFS 20 is 4.11708e+09
Validating BFS 20
Validate time for BFS 20 is 0.147827
Running BFS 21
Time for BFS 21 is 0.064678
TEPS for BFS 21 is 4.15027e+09
Validating BFS 21
Validate time for BFS 21 is 0.145558
Running BFS 22
Time for BFS 22 is 0.064854
TEPS for BFS 22 is 4.13896e+09
Validating BFS 22
Validate time for BFS 22 is 0.147183
Running BFS 23
Time for BFS 23 is 0.067489
TEPS for BFS 23 is 3.97741e+09
Validating BFS 23
Validate time for BFS 23 is 0.150122
Running BFS 24
Time for BFS 24 is 0.071040
TEPS for BFS 24 is 3.77859e+09
Validating BFS 24
Validate time for BFS 24 is 0.154429
Running BFS 25
Time for BFS 25 is 0.065436
TEPS for BFS 25 is 4.10219e+09
Validating BFS 25
Validate time for BFS 25 is 0.149401
Running BFS 26
Time for BFS 26 is 0.065893
TEPS for BFS 26 is 4.07371e+09
Validating BFS 26
Validate time for BFS 26 is 0.149418
Running BFS 27
Time for BFS 27 is 0.064104
TEPS for BFS 27 is 4.18742e+09
Validating BFS 27
Validate time for BFS 27 is 0.149812
Running BFS 28
Time for BFS 28 is 0.065461
TEPS for BFS 28 is 4.10061e+09
Validating BFS 28
Validate time for BFS 28 is 0.149768
Running BFS 29
Time for BFS 29 is 0.070704
TEPS for BFS 29 is 3.79653e+09
Validating BFS 29
Validate time for BFS 29 is 0.153619
Running BFS 30
Time for BFS 30 is 0.064271
TEPS for BFS 30 is 4.17652e+09
Validating BFS 30
Validate time for BFS 30 is 0.146478
Running BFS 31
Time for BFS 31 is 0.068408
TEPS for BFS 31 is 3.92398e+09
Validating BFS 31
Validate time for BFS 31 is 0.150862
Running BFS 32
Time for BFS 32 is 0.065296
TEPS for BFS 32 is 4.11094e+09
Validating BFS 32
Validate time for BFS 32 is 0.147796
Running BFS 33
Time for BFS 33 is 0.065104
TEPS for BFS 33 is 4.12309e+09
Validating BFS 33
Validate time for BFS 33 is 0.148184
Running BFS 34
Time for BFS 34 is 0.070619
TEPS for BFS 34 is 3.80111e+09
Validating BFS 34
Validate time for BFS 34 is 0.153630
Running BFS 35
Time for BFS 35 is 0.068544
TEPS for BFS 35 is 3.91616e+09
Validating BFS 35
Validate time for BFS 35 is 0.153153
Running BFS 36
Time for BFS 36 is 0.062769
TEPS for BFS 36 is 4.27648e+09
Validating BFS 36
Validate time for BFS 36 is 0.148864
Running BFS 37
Time for BFS 37 is 0.065506
TEPS for BFS 37 is 4.09779e+09
Validating BFS 37
Validate time for BFS 37 is 0.147319
Running BFS 38
Time for BFS 38 is 0.067590
TEPS for BFS 38 is 3.97144e+09
Validating BFS 38
Validate time for BFS 38 is 0.152322
Running BFS 39
Time for BFS 39 is 0.065784
TEPS for BFS 39 is 4.08047e+09
Validating BFS 39
Validate time for BFS 39 is 0.149882
Running BFS 40
Time for BFS 40 is 0.068971
TEPS for BFS 40 is 3.89192e+09
Validating BFS 40
Validate time for BFS 40 is 0.152803
Running BFS 41
Time for BFS 41 is 0.063451
TEPS for BFS 41 is 4.23051e+09
Validating BFS 41
Validate time for BFS 41 is 0.147295
Running BFS 42
Time for BFS 42 is 0.063840
TEPS for BFS 42 is 4.20473e+09
Validating BFS 42
Validate time for BFS 42 is 0.148168
Running BFS 43
Time for BFS 43 is 0.063925
TEPS for BFS 43 is 4.19912e+09
Validating BFS 43
Validate time for BFS 43 is 0.147928
Running BFS 44
Time for BFS 44 is 0.063110
TEPS for BFS 44 is 4.25339e+09
Validating BFS 44
Validate time for BFS 44 is 0.147624
Running BFS 45
Time for BFS 45 is 0.064278
TEPS for BFS 45 is 4.17607e+09
Validating BFS 45
Validate time for BFS 45 is 0.149513
Running BFS 46
Time for BFS 46 is 0.064227
TEPS for BFS 46 is 4.17937e+09
Validating BFS 46
Validate time for BFS 46 is 0.147282
Running BFS 47
Time for BFS 47 is 0.067224
TEPS for BFS 47 is 3.99309e+09
Validating BFS 47
Validate time for BFS 47 is 0.152125
Running BFS 48
Time for BFS 48 is 0.063716
TEPS for BFS 48 is 4.2129e+09
Validating BFS 48
Validate time for BFS 48 is 0.148127
Running BFS 49
Time for BFS 49 is 0.062558
TEPS for BFS 49 is 4.29091e+09
Validating BFS 49
Validate time for BFS 49 is 0.145678
Running BFS 50
Time for BFS 50 is 0.063464
TEPS for BFS 50 is 4.22963e+09
Validating BFS 50
Validate time for BFS 50 is 0.146686
Running BFS 51
Time for BFS 51 is 0.064412
TEPS for BFS 51 is 4.16737e+09
Validating BFS 51
Validate time for BFS 51 is 0.148103
Running BFS 52
Time for BFS 52 is 0.062361
TEPS for BFS 52 is 4.30445e+09
Validating BFS 52
Validate time for BFS 52 is 0.148010
Running BFS 53
Time for BFS 53 is 0.064977
TEPS for BFS 53 is 4.13116e+09
Validating BFS 53
Validate time for BFS 53 is 0.149698
Running BFS 54
Time for BFS 54 is 0.062271
TEPS for BFS 54 is 4.3107e+09
Validating BFS 54
Validate time for BFS 54 is 0.148321
Running BFS 55
Time for BFS 55 is 0.064188
TEPS for BFS 55 is 4.18193e+09
Validating BFS 55
Validate time for BFS 55 is 0.146862
Running BFS 56
Time for BFS 56 is 0.065593
TEPS for BFS 56 is 4.09233e+09
Validating BFS 56
Validate time for BFS 56 is 0.150114
Running BFS 57
Time for BFS 57 is 0.062188
TEPS for BFS 57 is 4.31645e+09
Validating BFS 57
Validate time for BFS 57 is 0.148114
Running BFS 58
Time for BFS 58 is 0.064916
TEPS for BFS 58 is 4.13502e+09
Validating BFS 58
Validate time for BFS 58 is 0.148227
Running BFS 59
Time for BFS 59 is 0.065886
TEPS for BFS 59 is 4.07414e+09
Validating BFS 59
Validate time for BFS 59 is 0.147457
Running BFS 60
Time for BFS 60 is 0.065774
TEPS for BFS 60 is 4.08111e+09
Validating BFS 60
Validate time for BFS 60 is 0.147696
Running BFS 61
Time for BFS 61 is 0.067796
TEPS for BFS 61 is 3.95939e+09
Validating BFS 61
Validate time for BFS 61 is 0.161068
Running BFS 62
Time for BFS 62 is 0.066859
TEPS for BFS 62 is 4.01485e+09
Validating BFS 62
Validate time for BFS 62 is 0.151518
Running BFS 63
Time for BFS 63 is 0.071111
TEPS for BFS 63 is 3.77479e+09
Validating BFS 63
Validate time for BFS 63 is 0.155257
SCALE:                          24
edgefactor:                     16
NBFS:                           64
graph_generation:               6.32468
num_mpi_processes:              1024
construction_time:              0.89631
bfs  min_time:                  0.0621875
bfs  firstquartile_time:        0.0642077
bfs  median_time:               0.0653661
bfs  thirdquartile_time:        0.0670414
bfs  max_time:                  0.0711112
bfs  mean_time:                 0.0657388
bfs  stddev_time:               0.00224717
min_nedge:                      268429687
firstquartile_nedge:            268429687
median_nedge:                   268429687
thirdquartile_nedge:            268429687
max_nedge:                      268429687
mean_nedge:                     268429687
stddev_nedge:                   0
bfs  min_TEPS:                  3.77479e+09
bfs  firstquartile_TEPS:        4.00394e+09
bfs  median_TEPS:               4.10656e+09
bfs  thirdquartile_TEPS:        4.18065e+09
bfs  max_TEPS:                  4.31645e+09
bfs  harmonic_mean_TEPS:     !  4.08328e+09
bfs  harmonic_stddev_TEPS:      1.75854e+07
bfs  min_validate:              0.145558
bfs  firstquartile_validate:    0.147812
bfs  median_validate:           0.14941
bfs  thirdquartile_validate:    0.151729
bfs  max_validate:              0.161068
bfs  mean_validate:             0.149815
bfs  stddev_validate:           0.00277935
