graph_generation:               6.291884 s
construction_time:              1.986001 s
Running BFS 0
Time for BFS 0 is 0.824230
TEPS for BFS 0 is 3.25673e+08
Validating BFS 0
Validate time for BFS 0 is 2.683883
Running BFS 1
Time for BFS 1 is 0.853850
TEPS for BFS 1 is 3.14376e+08
Validating BFS 1
Validate time for BFS 1 is 2.735279
Running BFS 2
Time for BFS 2 is 0.828803
TEPS for BFS 2 is 3.23876e+08
Validating BFS 2
Validate time for BFS 2 is 2.693627
Running BFS 3
Time for BFS 3 is 0.831306
TEPS for BFS 3 is 3.22901e+08
Validating BFS 3
Validate time for BFS 3 is 2.690783
Running BFS 4
Time for BFS 4 is 0.825587
TEPS for BFS 4 is 3.25138e+08
Validating BFS 4
Validate time for BFS 4 is 2.684514
Running BFS 5
Time for BFS 5 is 0.817775
TEPS for BFS 5 is 3.28244e+08
Validating BFS 5
Validate time for BFS 5 is 2.682927
Running BFS 6
Time for BFS 6 is 0.850180
TEPS for BFS 6 is 3.15733e+08
Validating BFS 6
Validate time for BFS 6 is 2.711909
Running BFS 7
Time for BFS 7 is 0.830245
TEPS for BFS 7 is 3.23314e+08
Validating BFS 7
Validate time for BFS 7 is 2.696903
Running BFS 8
Time for BFS 8 is 0.842369
TEPS for BFS 8 is 3.1866e+08
Validating BFS 8
Validate time for BFS 8 is 2.693851
Running BFS 9
Time for BFS 9 is 0.834369
TEPS for BFS 9 is 3.21716e+08
Validating BFS 9
Validate time for BFS 9 is 2.696212
Running BFS 10
Time for BFS 10 is 0.857083
TEPS for BFS 10 is 3.1319e+08
Validating BFS 10
Validate time for BFS 10 is 2.724596
Running BFS 11
Time for BFS 11 is 0.818373
TEPS for BFS 11 is 3.28004e+08
Validating BFS 11
Validate time for BFS 11 is 2.675851
Running BFS 12
Time for BFS 12 is 0.816100
TEPS for BFS 12 is 3.28918e+08
Validating BFS 12
Validate time for BFS 12 is 2.682950
Running BFS 13
Time for BFS 13 is 0.835616
TEPS for BFS 13 is 3.21236e+08
Validating BFS 13
Validate time for BFS 13 is 2.701938
Running BFS 14
Time for BFS 14 is 0.826692
TEPS for BFS 14 is 3.24703e+08
Validating BFS 14
Validate time for BFS 14 is 2.688621
Running BFS 15
Time for BFS 15 is 0.841484
TEPS for BFS 15 is 3.18996e+08
Validating BFS 15
Validate time for BFS 15 is 2.691671
Running BFS 16
Time for BFS 16 is 0.844617
TEPS for BFS 16 is 3.17812e+08
Validating BFS 16
Validate time for BFS 16 is 2.705301
Running BFS 17
Time for BFS 17 is 0.827617
TEPS for BFS 17 is 3.2434e+08
Validating BFS 17
Validate time for BFS 17 is 2.690986
Running BFS 18
Time for BFS 18 is 0.848843
TEPS for BFS 18 is 3.1623e+08
Validating BFS 18
Validate time for BFS 18 is 2.703736
Running BFS 19
Time for BFS 19 is 0.821792
TEPS for BFS 19 is 3.26639e+08
Validating BFS 19
Validate time for BFS 19 is 2.688199
Running BFS 20
Time for BFS 20 is 0.818630
TEPS for BFS 20 is 3.27901e+08
Validating BFS 20
Validate time for BFS 20 is 2.680493
Running BFS 21
Time for BFS 21 is 0.833291
TEPS for BFS 21 is 3.22132e+08
Validating BFS 21
Validate time for BFS 21 is 2.697121
Running BFS 22
Time for BFS 22 is 0.817376
TEPS for BFS 22 is 3.28404e+08
Validating BFS 22
Validate time for BFS 22 is 2.684719
Running BFS 23
Time for BFS 23 is 0.829177
TEPS for BFS 23 is 3.2373e+08
Validating BFS 23
Validate time for BFS 23 is 2.700236
Running BFS 24
Time for BFS 24 is 0.846872
TEPS for BFS 24 is 3.16966e+08
Validating BFS 24
Validate time for BFS 24 is 2.708641
Running BFS 25
Time for BFS 25 is 0.820818
TEPS for BFS 25 is 3.27027e+08
Validating BFS 25
Validate time for BFS 25 is 2.684864
Running BFS 26
Time for BFS 26 is 0.842160
TEPS for BFS 26 is 3.1874e+08
Validating BFS 26
Validate time for BFS 26 is 2.704324
Running BFS 27
Time for BFS 27 is 0.833135
TEPS for BFS 27 is 3.22192e+08
Validating BFS 27
Validate time for BFS 27 is 2.694199
Running BFS 28
Time for BFS 28 is 0.832998
TEPS for BFS 28 is 3.22245e+08
Validating BFS 28
Validate time for BFS 28 is 2.689948
Running BFS 29
Time for BFS 29 is 0.825975
TEPS for BFS 29 is 3.24985e+08
Validating BFS 29
Validate time for BFS 29 is 2.691603
Running BFS 30
Time for BFS 30 is 0.820523
TEPS for BFS 30 is 3.27145e+08
Validating BFS 30
Validate time for BFS 30 is 2.682193
Running BFS 31
Time for BFS 31 is 0.827032
TEPS for BFS 31 is 3.2457e+08
Validating BFS 31
Validate time for BFS 31 is 2.687784
Running BFS 32
Time for BFS 32 is 0.835169
TEPS for BFS 32 is 3.21408e+08
Validating BFS 32
Validate time for BFS 32 is 2.696606
Running BFS 33
Time for BFS 33 is 0.852037
TEPS for BFS 33 is 3.15045e+08
Validating BFS 33
Validate time for BFS 33 is 2.712988
Running BFS 34
Time for BFS 34 is 0.852909
TEPS for BFS 34 is 3.14722e+08
Validating BFS 34
Validate time for BFS 34 is 2.699117
Running BFS 35
Time for BFS 35 is 0.840920
TEPS for BFS 35 is 3.1921e+08
Validating BFS 35
Validate time for BFS 35 is 2.711358
Running BFS 36
Time for BFS 36 is 0.839565
TEPS for BFS 36 is 3.19725e+08
Validating BFS 36
Validate time for BFS 36 is 2.699884
Running BFS 37
Time for BFS 37 is 0.841935
TEPS for BFS 37 is 3.18825e+08
Validating BFS 37
Validate time for BFS 37 is 2.702043
Running BFS 38
Time for BFS 38 is 0.833128
TEPS for BFS 38 is 3.22195e+08
Validating BFS 38
Validate time for BFS 38 is 2.697947
Running BFS 39
Time for BFS 39 is 0.817298
TEPS for BFS 39 is 3.28435e+08
Validating BFS 39
Validate time for BFS 39 is 2.684438
Running BFS 40
Time for BFS 40 is 0.827042
TEPS for BFS 40 is 3.24566e+08
Validating BFS 40
Validate time for BFS 40 is 2.685956
Running BFS 41
Time for BFS 41 is 0.825592
TEPS for BFS 41 is 3.25136e+08
Validating BFS 41
Validate time for BFS 41 is 2.692408
Running BFS 42
Time for BFS 42 is 0.833839
TEPS for BFS 42 is 3.2192e+08
Validating BFS 42
Validate time for BFS 42 is 2.693237
Running BFS 43
Time for BFS 43 is 0.821807
TEPS for BFS 43 is 3.26633e+08
Validating BFS 43
Validate time for BFS 43 is 2.679476
Running BFS 44
Time for BFS 44 is 0.819091
TEPS for BFS 44 is 3.27716e+08
Validating BFS 44
Validate time for BFS 44 is 2.681182
Running BFS 45
Time for BFS 45 is 0.849699
TEPS for BFS 45 is 3.15911e+08
Validating BFS 45
Validate time for BFS 45 is 2.705245
Running BFS 46
Time for BFS 46 is 0.842360
TEPS for BFS 46 is 3.18664e+08
Validating BFS 46
Validate time for BFS 46 is 2.697566
Running BFS 47
Time for BFS 47 is 0.862013
TEPS for BFS 47 is 3.11399e+08
Validating BFS 47
Validate time for BFS 47 is 2.718388
Running BFS 48
Time for BFS 48 is 0.819535
TEPS for BFS 48 is 3.27539e+08
Validating BFS 48
Validate time for BFS 48 is 2.681228
Running BFS 49
Time for BFS 49 is 0.823312
TEPS for BFS 49 is 3.26036e+08
Validating BFS 49
Validate time for BFS 49 is 2.682970
Running BFS 50
Time for BFS 50 is 0.832186
TEPS for BFS 50 is 3.2256e+08
Validating BFS 50
Validate time for BFS 50 is 2.689173
Running BFS 51
Time for BFS 51 is 0.822432
TEPS for BFS 51 is 3.26385e+08
Validating BFS 51
Validate time for BFS 51 is 2.679593
Running BFS 52
Time for BFS 52 is 0.828393
TEPS for BFS 52 is 3.24037e+08
Validating BFS 52
Validate time for BFS 52 is 2.690543
Running BFS 53
Time for BFS 53 is 0.825418
TEPS for BFS 53 is 3.25205e+08
Validating BFS 53
Validate time for BFS 53 is 2.694833
Running BFS 54
Time for BFS 54 is 0.822040
TEPS for BFS 54 is 3.26541e+08
Validating BFS 54
Validate time for BFS 54 is 2.687266
Running BFS 55
Time for BFS 55 is 0.819790
TEPS for BFS 55 is 3.27437e+08
Validating BFS 55
Validate time for BFS 55 is 2.685697
Running BFS 56
Time for BFS 56 is 0.842667
TEPS for BFS 56 is 3.18548e+08
Validating BFS 56
Validate time for BFS 56 is 2.705641
Running BFS 57
Time for BFS 57 is 0.834197
TEPS for BFS 57 is 3.21782e+08
Validating BFS 57
Validate time for BFS 57 is 2.694305
Running BFS 58
Time for BFS 58 is 0.819577
TEPS for BFS 58 is 3.27522e+08
Validating BFS 58
Validate time for BFS 58 is 2.683640
Running BFS 59
Time for BFS 59 is 0.816526
TEPS for BFS 59 is 3.28746e+08
Validating BFS 59
Validate time for BFS 59 is 2.689406
Running BFS 60
Time for BFS 60 is 0.841458
TEPS for BFS 60 is 3.19005e+08
Validating BFS 60
Validate time for BFS 60 is 2.699945
Running BFS 61
Time for BFS 61 is 0.857829
TEPS for BFS 61 is 3.12917e+08
Validating BFS 61
Validate time for BFS 61 is 2.712919
Running BFS 62
Time for BFS 62 is 0.833925
TEPS for BFS 62 is 3.21887e+08
Validating BFS 62
Validate time for BFS 62 is 2.696413
Running BFS 63
Time for BFS 63 is 0.822228
TEPS for BFS 63 is 3.26466e+08
Validating BFS 63
Validate time for BFS 63 is 2.682703
SCALE:                          24
edgefactor:                     16
NBFS:                           64
graph_generation:               6.29188
num_mpi_processes:              32
construction_time:              1.986
bfs  min_time:                  0.8161
bfs  firstquartile_time:        0.822134
bfs  median_time:               0.830775
bfs  thirdquartile_time:        0.84171
bfs  max_time:                  0.862013
bfs  mean_time:                 0.832513
bfs  stddev_time:               0.0119466
min_nedge:                      268429687
firstquartile_nedge:            268429687
median_nedge:                   268429687
thirdquartile_nedge:            268429687
max_nedge:                      268429687
mean_nedge:                     268429687
stddev_nedge:                   0
bfs  min_TEPS:                  3.11399e+08
bfs  firstquartile_TEPS:        3.1891e+08
bfs  median_TEPS:               3.23107e+08
bfs  thirdquartile_TEPS:        3.26504e+08
bfs  max_TEPS:                  3.28918e+08
bfs  harmonic_mean_TEPS:     !  3.22433e+08
bfs  harmonic_stddev_TEPS:      582940
bfs  min_validate:              2.67585
bfs  firstquartile_validate:    2.68479
bfs  median_validate:           2.69282
bfs  thirdquartile_validate:    2.70009
bfs  max_validate:              2.73528
bfs  mean_validate:             2.69444
bfs  stddev_validate:           0.0116392
