graph_generation:               6.501940 s
construction_time:              0.951171 s
Running BFS 0
Time for BFS 0 is 0.119336
TEPS for BFS 0 is 4.49874e+09
Validating BFS 0
Validate time for BFS 0 is 0.284905
Running BFS 1
Time for BFS 1 is 0.122620
TEPS for BFS 1 is 4.37824e+09
Validating BFS 1
Validate time for BFS 1 is 0.286662
Running BFS 2
Time for BFS 2 is 0.118762
TEPS for BFS 2 is 4.52047e+09
Validating BFS 2
Validate time for BFS 2 is 0.285586
Running BFS 3
Time for BFS 3 is 0.122161
TEPS for BFS 3 is 4.39472e+09
Validating BFS 3
Validate time for BFS 3 is 0.288024
Running BFS 4
Time for BFS 4 is 0.126102
TEPS for BFS 4 is 4.25736e+09
Validating BFS 4
Validate time for BFS 4 is 0.291838
Running BFS 5
Time for BFS 5 is 0.119490
TEPS for BFS 5 is 4.49295e+09
Validating BFS 5
Validate time for BFS 5 is 0.283136
Running BFS 6
Time for BFS 6 is 0.119011
TEPS for BFS 6 is 4.51101e+09
Validating BFS 6
Validate time for BFS 6 is 0.287264
Running BFS 7
Time for BFS 7 is 0.126503
TEPS for BFS 7 is 4.24387e+09
Validating BFS 7
Validate time for BFS 7 is 0.291103
Running BFS 8
Time for BFS 8 is 0.120958
TEPS for BFS 8 is 4.4384e+09
Validating BFS 8
Validate time for BFS 8 is 0.287910
Running BFS 9
Time for BFS 9 is 0.115092
TEPS for BFS 9 is 4.66464e+09
Validating BFS 9
Validate time for BFS 9 is 0.282293
Running BFS 10
Time for BFS 10 is 0.125642
TEPS for BFS 10 is 4.27294e+09
Validating BFS 10
Validate time for BFS 10 is 0.287535
Running BFS 11
Time for BFS 11 is 0.120124
TEPS for BFS 11 is 4.46921e+09
Validating BFS 11
Validate time for BFS 11 is 0.285527
Running BFS 12
Time for BFS 12 is 0.115363
TEPS for BFS 12 is 4.65369e+09
Validating BFS 12
Validate time for BFS 12 is 0.281621
Running BFS 13
Time for BFS 13 is 0.124720
TEPS for BFS 13 is 4.30454e+09
Validating BFS 13
Validate time for BFS 13 is 0.290576
Running BFS 14
Time for BFS 14 is 0.117585
TEPS for BFS 14 is 4.56572e+09
Validating BFS 14
Validate time for BFS 14 is 0.283523
Running BFS 15
Time for BFS 15 is 0.119288
TEPS for BFS 15 is 4.50056e+09
Validating BFS 15
Validate time for BFS 15 is 0.286822
Running BFS 16
Time for BFS 16 is 0.120326
TEPS for BFS 16 is 4.46175e+09
Validating BFS 16
Validate time for BFS 16 is 0.288087
Running BFS 17
Time for BFS 17 is 0.127265
TEPS for BFS 17 is 4.21846e+09
Validating BFS 17
Validate time for BFS 17 is 0.294341
Running BFS 18
Time for BFS 18 is 0.119674
TEPS for BFS 18 is 4.48604e+09
Validating BFS 18
Validate time for BFS 18 is 0.285625
Running BFS 19
Time for BFS 19 is 0.120417
TEPS for BFS 19 is 4.45836e+09
Validating BFS 19
Validate time for BFS 19 is 0.289705
Running BFS 20
Time for BFS 20 is 0.126763
TEPS for BFS 20 is 4.23517e+09
Validating BFS 20
Validate time for BFS 20 is 0.287902
Running BFS 21
Time for BFS 21 is 0.118014
TEPS for BFS 21 is 4.54914e+09
Validating BFS 21
Validate time for BFS 21 is 0.282982
Running BFS 22
Time for BFS 22 is 0.119194
TEPS for BFS 22 is 4.5041e+09
Validating BFS 22
Validate time for BFS 22 is 0.284494
Running BFS 23
Time for BFS 23 is 0.120310
TEPS for BFS 23 is 4.46231e+09
Validating BFS 23
Validate time for BFS 23 is 0.286879
Running BFS 24
Time for BFS 24 is 0.130531
TEPS for BFS 24 is 4.11291e+09
Validating BFS 24
Validate time for BFS 24 is 0.296369
Running BFS 25
Time for BFS 25 is 0.118800
TEPS for BFS 25 is 4.51902e+09
Validating BFS 25
Validate time for BFS 25 is 0.286490
Running BFS 26
Time for BFS 26 is 0.117299
TEPS for BFS 26 is 4.57686e+09
Validating BFS 26
Validate time for BFS 26 is 0.284717
Running BFS 27
Time for BFS 27 is 0.121662
TEPS for BFS 27 is 4.41273e+09
Validating BFS 27
Validate time for BFS 27 is 0.285836
Running BFS 28
Time for BFS 28 is 0.116324
TEPS for BFS 28 is 4.61523e+09
Validating BFS 28
Validate time for BFS 28 is 0.281257
Running BFS 29
Time for BFS 29 is 0.123381
TEPS for BFS 29 is 4.35125e+09
Validating BFS 29
Validate time for BFS 29 is 0.288262
Running BFS 30
Time for BFS 30 is 0.118748
TEPS for BFS 30 is 4.52103e+09
Validating BFS 30
Validate time for BFS 30 is 0.286580
Running BFS 31
Time for BFS 31 is 0.115295
TEPS for BFS 31 is 4.65643e+09
Validating BFS 31
Validate time for BFS 31 is 0.281812
Running BFS 32
Time for BFS 32 is 0.119385
TEPS for BFS 32 is 4.49689e+09
Validating BFS 32
Validate time for BFS 32 is 0.286131
Running BFS 33
Time for BFS 33 is 0.117625
TEPS for BFS 33 is 4.56418e+09
Validating BFS 33
Validate time for BFS 33 is 0.285221
Running BFS 34
Time for BFS 34 is 0.118715
TEPS for BFS 34 is 4.52228e+09
Validating BFS 34
Validate time for BFS 34 is 0.285187
Running BFS 35
Time for BFS 35 is 0.117868
TEPS for BFS 35 is 4.55479e+09
Validating BFS 35
Validate time for BFS 35 is 0.284689
Running BFS 36
Time for BFS 36 is 0.114598
TEPS for BFS 36 is 4.68475e+09
Validating BFS 36
Validate time for BFS 36 is 0.279978
Running BFS 37
Time for BFS 37 is 0.117818
TEPS for BFS 37 is 4.5567e+09
Validating BFS 37
Validate time for BFS 37 is 0.285238
Running BFS 38
Time for BFS 38 is 0.118070
TEPS for BFS 38 is 4.54697e+09
Validating BFS 38
Validate time for BFS 38 is 0.285966
Running BFS 39
Time for BFS 39 is 0.115675
TEPS for BFS 39 is 4.64113e+09
Validating BFS 39
Validate time for BFS 39 is 0.282842
Running BFS 40
Time for BFS 40 is 0.119909
TEPS for BFS 40 is 4.47726e+09
Validating BFS 40
Validate time for BFS 40 is 0.286080
Running BFS 41
Time for BFS 41 is 0.117804
TEPS for BFS 41 is 4.55725e+09
Validating BFS 41
Validate time for BFS 41 is 0.285441
Running BFS 42
Time for BFS 42 is 0.119507
TEPS for BFS 42 is 4.49229e+09
Validating BFS 42
Validate time for BFS 42 is 0.286232
Running BFS 43
Time for BFS 43 is 0.123300
TEPS for BFS 43 is 4.35411e+09
Validating BFS 43
Validate time for BFS 43 is 0.287428
Running BFS 44
Time for BFS 44 is 0.114364
TEPS for BFS 44 is 4.69432e+09
Validating BFS 44
Validate time for BFS 44 is 0.279938
Running BFS 45
Time for BFS 45 is 0.120051
TEPS for BFS 45 is 4.47196e+09
Validating BFS 45
Validate time for BFS 45 is 0.286569
Running BFS 46
Time for BFS 46 is 0.122191
TEPS for BFS 46 is 4.39363e+09
Validating BFS 46
Validate time for BFS 46 is 0.287683
Running BFS 47
Time for BFS 47 is 0.126357
TEPS for BFS 47 is 4.24876e+09
Validating BFS 47
Validate time for BFS 47 is 0.285850
Running BFS 48
Time for BFS 48 is 0.121779
TEPS for BFS 48 is 4.4085e+09
Validating BFS 48
Validate time for BFS 48 is 0.289487
Running BFS 49
Time for BFS 49 is 0.118095
TEPS for BFS 49 is 4.54603e+09
Validating BFS 49
Validate time for BFS 49 is 0.286217
Running BFS 50
Time for BFS 50 is 0.117972
TEPS for BFS 50 is 4.55077e+09
Validating BFS 50
Validate time for BFS 50 is 0.284940
Running BFS 51
Time for BFS 51 is 0.115436
TEPS for BFS 51 is 4.65074e+09
Validating BFS 51
Validate time for BFS 51 is 0.284368
Running BFS 52
Time for BFS 52 is 0.115904
TEPS for BFS 52 is 4.63197e+09
Validating BFS 52
Validate time for BFS 52 is 0.283558
Running BFS 53
Time for BFS 53 is 0.120139
TEPS for BFS 53 is 4.46869e+09
Validating BFS 53
Validate time for BFS 53 is 0.283639
Running BFS 54
Time for BFS 54 is 0.115686
TEPS for BFS 54 is 4.64069e+09
Validating BFS 54
Validate time for BFS 54 is 0.282775
Running BFS 55
Time for BFS 55 is 0.125608
TEPS for BFS 55 is 4.27409e+09
Validating BFS 55
Validate time for BFS 55 is 0.289925
Running BFS 56
Time for BFS 56 is 0.116368
TEPS for BFS 56 is 4.61348e+09
Validating BFS 56
Validate time for BFS 56 is 0.284035
Running BFS 57
Time for BFS 57 is 0.114611
TEPS for BFS 57 is 4.68421e+09
Validating BFS 57
Validate time for BFS 57 is 0.283656
Running BFS 58
Time for BFS 58 is 0.121000
TEPS for BFS 58 is 4.43687e+09
Validating BFS 58
Validate time for BFS 58 is 0.286953
Running BFS 59
Time for BFS 59 is 0.116713
TEPS for BFS 59 is 4.59986e+09
Validating BFS 59
Validate time for BFS 59 is 0.283583
Running BFS 60
Time for BFS 60 is 0.125613
TEPS for BFS 60 is 4.27393e+09
Validating BFS 60
Validate time for BFS 60 is 0.289943
Running BFS 61
Time for BFS 61 is 0.120821
TEPS for BFS 61 is 4.44345e+09
Validating BFS 61
Validate time for BFS 61 is 0.285597
Running BFS 62
Time for BFS 62 is 0.114510
TEPS for BFS 62 is 4.68833e+09
Validating BFS 62
Validate time for BFS 62 is 0.282310
Running BFS 63
Time for BFS 63 is 0.118491
TEPS for BFS 63 is 4.53081e+09
Validating BFS 63
Validate time for BFS 63 is 0.284788
SCALE:                          25
edgefactor:                     16
NBFS:                           64
graph_generation:               6.50194
num_mpi_processes:              1024
construction_time:              0.951171
bfs  min_time:                  0.114364
bfs  firstquartile_time:        0.117605
bfs  median_time:               0.119312
bfs  thirdquartile_time:        0.12172
bfs  max_time:                  0.130531
bfs  mean_time:                 0.119824
bfs  stddev_time:               0.00367893
min_nedge:                      536861780
firstquartile_nedge:            536861780
median_nedge:                   536861780
thirdquartile_nedge:            536861780
max_nedge:                      536861780
mean_nedge:                     536861780
stddev_nedge:                   0
bfs  min_TEPS:                  4.11291e+09
bfs  firstquartile_TEPS:        4.41062e+09
bfs  median_TEPS:               4.49965e+09
bfs  thirdquartile_TEPS:        4.56495e+09
bfs  max_TEPS:                  4.69432e+09
bfs  harmonic_mean_TEPS:     !  4.48042e+09
bfs  harmonic_stddev_TEPS:      1.73311e+07
bfs  min_validate:              0.279938
bfs  firstquartile_validate:    0.283846
bfs  median_validate:           0.28573
bfs  thirdquartile_validate:    0.287481
bfs  max_validate:              0.296369
bfs  mean_validate:             0.285967
bfs  stddev_validate:           0.00306944
