graph_generation:               6.094619 s
construction_time:              1.410062 s
Running BFS 0
Time for BFS 0 is 0.414502
TEPS for BFS 0 is 3.23795e+08
Validating BFS 0
Validate time for BFS 0 is 1.285030
Running BFS 1
Time for BFS 1 is 0.419332
TEPS for BFS 1 is 3.20066e+08
Validating BFS 1
Validate time for BFS 1 is 1.280275
Running BFS 2
Time for BFS 2 is 0.438739
TEPS for BFS 2 is 3.05908e+08
Validating BFS 2
Validate time for BFS 2 is 1.302175
Running BFS 3
Time for BFS 3 is 0.416006
TEPS for BFS 3 is 3.22625e+08
Validating BFS 3
Validate time for BFS 3 is 1.273518
Running BFS 4
Time for BFS 4 is 0.416094
TEPS for BFS 4 is 3.22557e+08
Validating BFS 4
Validate time for BFS 4 is 1.284799
Running BFS 5
Time for BFS 5 is 0.425281
TEPS for BFS 5 is 3.15588e+08
Validating BFS 5
Validate time for BFS 5 is 1.278591
Running BFS 6
Time for BFS 6 is 0.420520
TEPS for BFS 6 is 3.19161e+08
Validating BFS 6
Validate time for BFS 6 is 1.281682
Running BFS 7
Time for BFS 7 is 0.422518
TEPS for BFS 7 is 3.17652e+08
Validating BFS 7
Validate time for BFS 7 is 1.284918
Running BFS 8
Time for BFS 8 is 0.439874
TEPS for BFS 8 is 3.05119e+08
Validating BFS 8
Validate time for BFS 8 is 1.299229
Running BFS 9
Time for BFS 9 is 0.418004
TEPS for BFS 9 is 3.21083e+08
Validating BFS 9
Validate time for BFS 9 is 1.274506
Running BFS 10
Time for BFS 10 is 0.420990
TEPS for BFS 10 is 3.18806e+08
Validating BFS 10
Validate time for BFS 10 is 1.278975
Running BFS 11
Time for BFS 11 is 0.438777
TEPS for BFS 11 is 3.05882e+08
Validating BFS 11
Validate time for BFS 11 is 1.292036
Running BFS 12
Time for BFS 12 is 0.412884
TEPS for BFS 12 is 3.25065e+08
Validating BFS 12
Validate time for BFS 12 is 1.273700
Running BFS 13
Time for BFS 13 is 0.415959
TEPS for BFS 13 is 3.22661e+08
Validating BFS 13
Validate time for BFS 13 is 1.275850
Running BFS 14
Time for BFS 14 is 0.411920
TEPS for BFS 14 is 3.25825e+08
Validating BFS 14
Validate time for BFS 14 is 1.276337
Running BFS 15
Time for BFS 15 is 0.421758
TEPS for BFS 15 is 3.18225e+08
Validating BFS 15
Validate time for BFS 15 is 1.280090
Running BFS 16
Time for BFS 16 is 0.423801
TEPS for BFS 16 is 3.16691e+08
Validating BFS 16
Validate time for BFS 16 is 1.283551
Running BFS 17
Time for BFS 17 is 0.425320
TEPS for BFS 17 is 3.1556e+08
Validating BFS 17
Validate time for BFS 17 is 1.276676
Running BFS 18
Time for BFS 18 is 0.415795
TEPS for BFS 18 is 3.22788e+08
Validating BFS 18
Validate time for BFS 18 is 1.281602
Running BFS 19
Time for BFS 19 is 0.419527
TEPS for BFS 19 is 3.19917e+08
Validating BFS 19
Validate time for BFS 19 is 1.275421
Running BFS 20
Time for BFS 20 is 0.422446
TEPS for BFS 20 is 3.17706e+08
Validating BFS 20
Validate time for BFS 20 is 1.274363
Running BFS 21
Time for BFS 21 is 0.413244
TEPS for BFS 21 is 3.24781e+08
Validating BFS 21
Validate time for BFS 21 is 1.275803
Running BFS 22
Time for BFS 22 is 0.416367
TEPS for BFS 22 is 3.22345e+08
Validating BFS 22
Validate time for BFS 22 is 1.274819
Running BFS 23
Time for BFS 23 is 0.409903
TEPS for BFS 23 is 3.27428e+08
Validating BFS 23
Validate time for BFS 23 is 1.273213
Running BFS 24
Time for BFS 24 is 0.419354
TEPS for BFS 24 is 3.20049e+08
Validating BFS 24
Validate time for BFS 24 is 1.276879
Running BFS 25
Time for BFS 25 is 0.413996
TEPS for BFS 25 is 3.24191e+08
Validating BFS 25
Validate time for BFS 25 is 1.285065
Running BFS 26
Time for BFS 26 is 0.432875
TEPS for BFS 26 is 3.10052e+08
Validating BFS 26
Validate time for BFS 26 is 1.293021
Running BFS 27
Time for BFS 27 is 0.432564
TEPS for BFS 27 is 3.10275e+08
Validating BFS 27
Validate time for BFS 27 is 1.290495
Running BFS 28
Time for BFS 28 is 0.420291
TEPS for BFS 28 is 3.19335e+08
Validating BFS 28
Validate time for BFS 28 is 1.281019
Running BFS 29
Time for BFS 29 is 0.414134
TEPS for BFS 29 is 3.24083e+08
Validating BFS 29
Validate time for BFS 29 is 1.276644
Running BFS 30
Time for BFS 30 is 0.432027
TEPS for BFS 30 is 3.10661e+08
Validating BFS 30
Validate time for BFS 30 is 1.293755
Running BFS 31
Time for BFS 31 is 0.410215
TEPS for BFS 31 is 3.27179e+08
Validating BFS 31
Validate time for BFS 31 is 1.279369
Running BFS 32
Time for BFS 32 is 0.422062
TEPS for BFS 32 is 3.17995e+08
Validating BFS 32
Validate time for BFS 32 is 1.280587
Running BFS 33
Time for BFS 33 is 0.411955
TEPS for BFS 33 is 3.25797e+08
Validating BFS 33
Validate time for BFS 33 is 1.278506
Running BFS 34
Time for BFS 34 is 0.428202
TEPS for BFS 34 is 3.13436e+08
Validating BFS 34
Validate time for BFS 34 is 1.293249
Running BFS 35
Time for BFS 35 is 0.413938
TEPS for BFS 35 is 3.24237e+08
Validating BFS 35
Validate time for BFS 35 is 1.281069
Running BFS 36
Time for BFS 36 is 0.429561
TEPS for BFS 36 is 3.12444e+08
Validating BFS 36
Validate time for BFS 36 is 1.283831
Running BFS 37
Time for BFS 37 is 0.421984
TEPS for BFS 37 is 3.18054e+08
Validating BFS 37
Validate time for BFS 37 is 1.280641
Running BFS 38
Time for BFS 38 is 0.412120
TEPS for BFS 38 is 3.25667e+08
Validating BFS 38
Validate time for BFS 38 is 1.271794
Running BFS 39
Time for BFS 39 is 0.421900
TEPS for BFS 39 is 3.18117e+08
Validating BFS 39
Validate time for BFS 39 is 1.279063
Running BFS 40
Time for BFS 40 is 0.411140
TEPS for BFS 40 is 3.26443e+08
Validating BFS 40
Validate time for BFS 40 is 1.276463
Running BFS 41
Time for BFS 41 is 0.429387
TEPS for BFS 41 is 3.12571e+08
Validating BFS 41
Validate time for BFS 41 is 1.292955
Running BFS 42
Time for BFS 42 is 0.415911
TEPS for BFS 42 is 3.22699e+08
Validating BFS 42
Validate time for BFS 42 is 1.285848
Running BFS 43
Time for BFS 43 is 0.432446
TEPS for BFS 43 is 3.1036e+08
Validating BFS 43
Validate time for BFS 43 is 1.290153
Running BFS 44
Time for BFS 44 is 0.431895
TEPS for BFS 44 is 3.10756e+08
Validating BFS 44
Validate time for BFS 44 is 1.293334
Running BFS 45
Time for BFS 45 is 0.428404
TEPS for BFS 45 is 3.13288e+08
Validating BFS 45
Validate time for BFS 45 is 1.289331
Running BFS 46
Time for BFS 46 is 0.421778
TEPS for BFS 46 is 3.18209e+08
Validating BFS 46
Validate time for BFS 46 is 1.277800
Running BFS 47
Time for BFS 47 is 0.424082
TEPS for BFS 47 is 3.16481e+08
Validating BFS 47
Validate time for BFS 47 is 1.283897
Running BFS 48
Time for BFS 48 is 0.418891
TEPS for BFS 48 is 3.20402e+08
Validating BFS 48
Validate time for BFS 48 is 1.277546
Running BFS 49
Time for BFS 49 is 0.421096
TEPS for BFS 49 is 3.18725e+08
Validating BFS 49
Validate time for BFS 49 is 1.285039
Running BFS 50
Time for BFS 50 is 0.430776
TEPS for BFS 50 is 3.11563e+08
Validating BFS 50
Validate time for BFS 50 is 1.295191
Running BFS 51
Time for BFS 51 is 0.421019
TEPS for BFS 51 is 3.18783e+08
Validating BFS 51
Validate time for BFS 51 is 1.288686
Running BFS 52
Time for BFS 52 is 0.415107
TEPS for BFS 52 is 3.23323e+08
Validating BFS 52
Validate time for BFS 52 is 1.282276
Running BFS 53
Time for BFS 53 is 0.415537
TEPS for BFS 53 is 3.22989e+08
Validating BFS 53
Validate time for BFS 53 is 1.272664
Running BFS 54
Time for BFS 54 is 0.432385
TEPS for BFS 54 is 3.10403e+08
Validating BFS 54
Validate time for BFS 54 is 1.291222
Running BFS 55
Time for BFS 55 is 0.424890
TEPS for BFS 55 is 3.15879e+08
Validating BFS 55
Validate time for BFS 55 is 1.274847
Running BFS 56
Time for BFS 56 is 0.436775
TEPS for BFS 56 is 3.07283e+08
Validating BFS 56
Validate time for BFS 56 is 1.294903
Running BFS 57
Time for BFS 57 is 0.410374
TEPS for BFS 57 is 3.27053e+08
Validating BFS 57
Validate time for BFS 57 is 1.281844
Running BFS 58
Time for BFS 58 is 0.414869
TEPS for BFS 58 is 3.23509e+08
Validating BFS 58
Validate time for BFS 58 is 1.283135
Running BFS 59
Time for BFS 59 is 0.410762
TEPS for BFS 59 is 3.26743e+08
Validating BFS 59
Validate time for BFS 59 is 1.270789
Running BFS 60
Time for BFS 60 is 0.433880
TEPS for BFS 60 is 3.09334e+08
Validating BFS 60
Validate time for BFS 60 is 1.287544
Running BFS 61
Time for BFS 61 is 0.413293
TEPS for BFS 61 is 3.24743e+08
Validating BFS 61
Validate time for BFS 61 is 1.275477
Running BFS 62
Time for BFS 62 is 0.434888
TEPS for BFS 62 is 3.08617e+08
Validating BFS 62
Validate time for BFS 62 is 1.296197
Running BFS 63
Time for BFS 63 is 0.416187
TEPS for BFS 63 is 3.22485e+08
Validating BFS 63
Validate time for BFS 63 is 1.275512
SCALE:                          23
edgefactor:                     16
NBFS:                           64
graph_generation:               6.09462
num_mpi_processes:              32
construction_time:              1.41006
bfs  min_time:                  0.409903
bfs  firstquartile_time:        0.414988
bfs  median_time:               0.420755
bfs  thirdquartile_time:        0.428303
bfs  max_time:                  0.439874
bfs  mean_time:                 0.421602
bfs  stddev_time:               0.00820199
min_nedge:                      134213828
firstquartile_nedge:            134213828
median_nedge:                   134213828
thirdquartile_nedge:            134213828
max_nedge:                      134213828
mean_nedge:                     134213828
stddev_nedge:                   0
bfs  min_TEPS:                  3.05119e+08
bfs  firstquartile_TEPS:        3.13362e+08
bfs  median_TEPS:               3.18983e+08
bfs  thirdquartile_TEPS:        3.23416e+08
bfs  max_TEPS:                  3.27428e+08
bfs  harmonic_mean_TEPS:     !  3.18343e+08
bfs  harmonic_stddev_TEPS:      780263
bfs  min_validate:              1.27079
bfs  firstquartile_validate:    1.2764
bfs  median_validate:           1.28104
bfs  thirdquartile_validate:    1.28812
bfs  max_validate:              1.30218
bfs  mean_validate:             1.28257
bfs  stddev_validate:           0.00754217
