graph_generation:               6.092710 s
construction_time:              0.815469 s
Running BFS 0
Time for BFS 0 is 0.264282
TEPS for BFS 0 is 5.07844e+08
Validating BFS 0
Validate time for BFS 0 is 0.659937
Running BFS 1
Time for BFS 1 is 0.265928
TEPS for BFS 1 is 5.047e+08
Validating BFS 1
Validate time for BFS 1 is 0.660956
Running BFS 2
Time for BFS 2 is 0.275311
TEPS for BFS 2 is 4.87499e+08
Validating BFS 2
Validate time for BFS 2 is 0.673304
Running BFS 3
Time for BFS 3 is 0.264583
TEPS for BFS 3 is 5.07266e+08
Validating BFS 3
Validate time for BFS 3 is 0.658448
Running BFS 4
Time for BFS 4 is 0.272756
TEPS for BFS 4 is 4.92066e+08
Validating BFS 4
Validate time for BFS 4 is 0.662271
Running BFS 5
Time for BFS 5 is 0.266283
TEPS for BFS 5 is 5.04027e+08
Validating BFS 5
Validate time for BFS 5 is 0.668960
Running BFS 6
Time for BFS 6 is 0.266662
TEPS for BFS 6 is 5.03312e+08
Validating BFS 6
Validate time for BFS 6 is 0.662624
Running BFS 7
Time for BFS 7 is 0.273238
TEPS for BFS 7 is 4.91198e+08
Validating BFS 7
Validate time for BFS 7 is 0.660965
Running BFS 8
Time for BFS 8 is 0.274750
TEPS for BFS 8 is 4.88495e+08
Validating BFS 8
Validate time for BFS 8 is 0.667271
Running BFS 9
Time for BFS 9 is 0.265584
TEPS for BFS 9 is 5.05354e+08
Validating BFS 9
Validate time for BFS 9 is 0.657236
Running BFS 10
Time for BFS 10 is 0.266676
TEPS for BFS 10 is 5.03284e+08
Validating BFS 10
Validate time for BFS 10 is 0.664156
Running BFS 11
Time for BFS 11 is 0.275066
TEPS for BFS 11 is 4.87933e+08
Validating BFS 11
Validate time for BFS 11 is 0.669155
Running BFS 12
Time for BFS 12 is 0.262895
TEPS for BFS 12 is 5.10522e+08
Validating BFS 12
Validate time for BFS 12 is 0.657780
Running BFS 13
Time for BFS 13 is 0.263038
TEPS for BFS 13 is 5.10246e+08
Validating BFS 13
Validate time for BFS 13 is 0.654106
Running BFS 14
Time for BFS 14 is 0.265990
TEPS for BFS 14 is 5.04582e+08
Validating BFS 14
Validate time for BFS 14 is 0.655048
Running BFS 15
Time for BFS 15 is 0.264913
TEPS for BFS 15 is 5.06634e+08
Validating BFS 15
Validate time for BFS 15 is 0.656834
Running BFS 16
Time for BFS 16 is 0.266773
TEPS for BFS 16 is 5.031e+08
Validating BFS 16
Validate time for BFS 16 is 0.659972
Running BFS 17
Time for BFS 17 is 0.266118
TEPS for BFS 17 is 5.04339e+08
Validating BFS 17
Validate time for BFS 17 is 0.658106
Running BFS 18
Time for BFS 18 is 0.265973
TEPS for BFS 18 is 5.04615e+08
Validating BFS 18
Validate time for BFS 18 is 0.659282
Running BFS 19
Time for BFS 19 is 0.264531
TEPS for BFS 19 is 5.07365e+08
Validating BFS 19
Validate time for BFS 19 is 0.659533
Running BFS 20
Time for BFS 20 is 0.267259
TEPS for BFS 20 is 5.02186e+08
Validating BFS 20
Validate time for BFS 20 is 0.656554
Running BFS 21
Time for BFS 21 is 0.264939
TEPS for BFS 21 is 5.06584e+08
Validating BFS 21
Validate time for BFS 21 is 0.656191
Running BFS 22
Time for BFS 22 is 0.265103
TEPS for BFS 22 is 5.06271e+08
Validating BFS 22
Validate time for BFS 22 is 0.654518
Running BFS 23
Time for BFS 23 is 0.264022
TEPS for BFS 23 is 5.08344e+08
Validating BFS 23
Validate time for BFS 23 is 0.656040
Running BFS 24
Time for BFS 24 is 0.264586
TEPS for BFS 24 is 5.0726e+08
Validating BFS 24
Validate time for BFS 24 is 0.661926
Running BFS 25
Time for BFS 25 is 0.269018
TEPS for BFS 25 is 4.98903e+08
Validating BFS 25
Validate time for BFS 25 is 0.659141
Running BFS 26
Time for BFS 26 is 0.273674
TEPS for BFS 26 is 4.90415e+08
Validating BFS 26
Validate time for BFS 26 is 0.664231
Running BFS 27
Time for BFS 27 is 0.270984
TEPS for BFS 27 is 4.95282e+08
Validating BFS 27
Validate time for BFS 27 is 0.664531
Running BFS 28
Time for BFS 28 is 0.266474
TEPS for BFS 28 is 5.03665e+08
Validating BFS 28
Validate time for BFS 28 is 0.658226
Running BFS 29
Time for BFS 29 is 0.264202
TEPS for BFS 29 is 5.07996e+08
Validating BFS 29
Validate time for BFS 29 is 0.655145
Running BFS 30
Time for BFS 30 is 0.269487
TEPS for BFS 30 is 4.98034e+08
Validating BFS 30
Validate time for BFS 30 is 0.663308
Running BFS 31
Time for BFS 31 is 0.265274
TEPS for BFS 31 is 5.05944e+08
Validating BFS 31
Validate time for BFS 31 is 0.653587
Running BFS 32
Time for BFS 32 is 0.265778
TEPS for BFS 32 is 5.04985e+08
Validating BFS 32
Validate time for BFS 32 is 0.660234
Running BFS 33
Time for BFS 33 is 0.264227
TEPS for BFS 33 is 5.07948e+08
Validating BFS 33
Validate time for BFS 33 is 0.660137
Running BFS 34
Time for BFS 34 is 0.272073
TEPS for BFS 34 is 4.93301e+08
Validating BFS 34
Validate time for BFS 34 is 0.670425
Running BFS 35
Time for BFS 35 is 0.264623
TEPS for BFS 35 is 5.07188e+08
Validating BFS 35
Validate time for BFS 35 is 0.658756
Running BFS 36
Time for BFS 36 is 0.266079
TEPS for BFS 36 is 5.04413e+08
Validating BFS 36
Validate time for BFS 36 is 0.658041
Running BFS 37
Time for BFS 37 is 0.267551
TEPS for BFS 37 is 5.01637e+08
Validating BFS 37
Validate time for BFS 37 is 0.658589
Running BFS 38
Time for BFS 38 is 0.263317
TEPS for BFS 38 is 5.09705e+08
Validating BFS 38
Validate time for BFS 38 is 0.654116
Running BFS 39
Time for BFS 39 is 0.267129
TEPS for BFS 39 is 5.02431e+08
Validating BFS 39
Validate time for BFS 39 is 0.656625
Running BFS 40
Time for BFS 40 is 0.268095
TEPS for BFS 40 is 5.0062e+08
Validating BFS 40
Validate time for BFS 40 is 0.656285
Running BFS 41
Time for BFS 41 is 0.274021
TEPS for BFS 41 is 4.89794e+08
Validating BFS 41
Validate time for BFS 41 is 0.663643
Running BFS 42
Time for BFS 42 is 0.267079
TEPS for BFS 42 is 5.02525e+08
Validating BFS 42
Validate time for BFS 42 is 0.658061
Running BFS 43
Time for BFS 43 is 0.271041
TEPS for BFS 43 is 4.95179e+08
Validating BFS 43
Validate time for BFS 43 is 0.662471
Running BFS 44
Time for BFS 44 is 0.271791
TEPS for BFS 44 is 4.93813e+08
Validating BFS 44
Validate time for BFS 44 is 0.665108
Running BFS 45
Time for BFS 45 is 0.271138
TEPS for BFS 45 is 4.95003e+08
Validating BFS 45
Validate time for BFS 45 is 0.665347
Running BFS 46
Time for BFS 46 is 0.264183
TEPS for BFS 46 is 5.08033e+08
Validating BFS 46
Validate time for BFS 46 is 0.661370
Running BFS 47
Time for BFS 47 is 0.264660
TEPS for BFS 47 is 5.07117e+08
Validating BFS 47
Validate time for BFS 47 is 0.660092
Running BFS 48
Time for BFS 48 is 0.263648
TEPS for BFS 48 is 5.09065e+08
Validating BFS 48
Validate time for BFS 48 is 0.658648
Running BFS 49
Time for BFS 49 is 0.273093
TEPS for BFS 49 is 4.91458e+08
Validating BFS 49
Validate time for BFS 49 is 0.660353
Running BFS 50
Time for BFS 50 is 0.273957
TEPS for BFS 50 is 4.89909e+08
Validating BFS 50
Validate time for BFS 50 is 0.667923
Running BFS 51
Time for BFS 51 is 0.268616
TEPS for BFS 51 is 4.99649e+08
Validating BFS 51
Validate time for BFS 51 is 0.662937
Running BFS 52
Time for BFS 52 is 0.266519
TEPS for BFS 52 is 5.0358e+08
Validating BFS 52
Validate time for BFS 52 is 0.659865
Running BFS 53
Time for BFS 53 is 0.263183
TEPS for BFS 53 is 5.09963e+08
Validating BFS 53
Validate time for BFS 53 is 0.655012
Running BFS 54
Time for BFS 54 is 0.274596
TEPS for BFS 54 is 4.88768e+08
Validating BFS 54
Validate time for BFS 54 is 0.664215
Running BFS 55
Time for BFS 55 is 0.268004
TEPS for BFS 55 is 5.00791e+08
Validating BFS 55
Validate time for BFS 55 is 0.656566
Running BFS 56
Time for BFS 56 is 0.274801
TEPS for BFS 56 is 4.88404e+08
Validating BFS 56
Validate time for BFS 56 is 0.667747
Running BFS 57
Time for BFS 57 is 0.264122
TEPS for BFS 57 is 5.08152e+08
Validating BFS 57
Validate time for BFS 57 is 0.657300
Running BFS 58
Time for BFS 58 is 0.268889
TEPS for BFS 58 is 4.99141e+08
Validating BFS 58
Validate time for BFS 58 is 0.657904
Running BFS 59
Time for BFS 59 is 0.262032
TEPS for BFS 59 is 5.12204e+08
Validating BFS 59
Validate time for BFS 59 is 0.655855
Running BFS 60
Time for BFS 60 is 0.271928
TEPS for BFS 60 is 4.93565e+08
Validating BFS 60
Validate time for BFS 60 is 0.662886
Running BFS 61
Time for BFS 61 is 0.265650
TEPS for BFS 61 is 5.05228e+08
Validating BFS 61
Validate time for BFS 61 is 0.654824
Running BFS 62
Time for BFS 62 is 0.273854
TEPS for BFS 62 is 4.90093e+08
Validating BFS 62
Validate time for BFS 62 is 0.668460
Running BFS 63
Time for BFS 63 is 0.265589
TEPS for BFS 63 is 5.05345e+08
Validating BFS 63
Validate time for BFS 63 is 0.655799
SCALE:                          23
edgefactor:                     16
NBFS:                           64
graph_generation:               6.09271
num_mpi_processes:              32
construction_time:              0.815469
bfs  min_time:                  0.262032
bfs  firstquartile_time:        0.264642
bfs  median_time:               0.266497
bfs  thirdquartile_time:        0.271089
bfs  max_time:                  0.275311
bfs  mean_time:                 0.267776
bfs  stddev_time:               0.00381325
min_nedge:                      134213828
firstquartile_nedge:            134213828
median_nedge:                   134213828
thirdquartile_nedge:            134213828
max_nedge:                      134213828
mean_nedge:                     134213828
stddev_nedge:                   0
bfs  min_TEPS:                  4.87499e+08
bfs  firstquartile_TEPS:        4.95091e+08
bfs  median_TEPS:               5.03623e+08
bfs  thirdquartile_TEPS:        5.07153e+08
bfs  max_TEPS:                  5.12204e+08
bfs  harmonic_mean_TEPS:     !  5.01218e+08
bfs  harmonic_stddev_TEPS:      899250
bfs  min_validate:              0.653587
bfs  firstquartile_validate:    0.656729
bfs  median_validate:           0.659699
bfs  thirdquartile_validate:    0.663122
bfs  max_validate:              0.673304
bfs  mean_validate:             0.66039
bfs  stddev_validate:           0.00453292
